[17:11:23.81] /o 
              /c                                 Custom Compiler™ 
              /c 
              /c                Version U-2023.03-SP2 for linux64 - Aug 25, 2023 
              /c 
              /c                     Copyright (c) 2004 - 2023 Synopsys, Inc.
              /c    This software and the associated documentation are proprietary to Synopsys,
              /c  Inc. This software may only be used in accordance with the terms and conditions
              /c  of a written license agreement with Synopsys, Inc. All other use, reproduction,
              /c    or distribution of this software is strictly prohibited.  Licensed Products
              /c      communicate with Synopsys servers for the purpose of providing software
              /c     updates, detecting software piracy and verifying that customers are using
              /c     Licensed Products in conformity with the applicable License Key for such
              /c   Licensed Products. Synopsys will use information gathered in connection with
              /c     this process to deliver software updates and pursue software pirates and
              /c                                    infringers.
              /c 
              /c  Inclusivity & Diversity - Visit SolvNetPlus to read the "Synopsys Statement on
              /c             Inclusivity and Diversity" (Refer to article 000036315 at
              /c                         https://solvnetplus.synopsys.com)
              /c 
              /c Build  (OPT) Config 9128410 compiled on Fri Aug 25 11:03:32 2023 for CentOS64 7.3
              /c Invocation: /mnt/vol_synopsys2023/synopsys/customcompiler/U-2023.03-SP2/linux64/platform/bin/cdesigner -loadAll true
              /c Execution time: Sat Nov 30 17:11:19 2024
              /c Host: redhat003
              /c Working directory: /mnt/vol_NFS_rh003/Est_VLSI_II_2024/mmoncada/vlsi_chip_design/Tutorial/Flujo_completo_CC
              /c 
[17:11:34.75] /m Information: Registering ICV PERC package...
[17:11:34.94] /o 
[17:11:34.94] /o <> -------------------------------------------
[17:11:34.94] /o <>
[17:11:34.94] /o <> Loading XFAB PDK components
[17:11:34.94] /o <>  basic                            O.K
[17:11:34.96] /o <>  exports                          O.K
[17:11:34.98] /o <>  custom                           O.K
[17:11:34.98] /o <>  cdf                              O.K
[17:11:34.99] /o <>  netlisting                       O.K
[17:11:35.04] /o <>  useability                       O.K
[17:11:35.05] /o <>  synopsys                         O.K
[17:11:35.10] /o <>  pcellkit                         O.K
[17:11:35.15] /o <>  trigger_callbacks                O.K
[17:11:35.15] /o <> Loading XFAB PDK preferences
[17:11:35.40] /w Warning: Preference 'nlPromoteTerms' is deprecated and scheduled for removal in a future release with no replacement. For migration assistance, see the Custom Compiler Tcl Reference Manual. (PREFERENCE-058)
[17:11:35.43] /w Warning: Preference 'xtStarTcadGrdFile' is deprecated and scheduled for removal in a future release with no replacement. For migration assistance, see the Custom Compiler Tcl Reference Manual. (PREFERENCE-058)
[17:11:35.44] /o <> Loading Calibre presets for XFAB PDK
[17:11:35.44] /o <> Loading .xfabrc user script
[17:11:35.44] /o <>
[17:11:35.44] /o <> -------------------------------------------
[17:11:35.44] /o <>
[17:11:35.44] /o <> Technology     xt018
[17:11:35.44] /o <> Version        v12_1_1_1
[17:11:35.44] /o <> LibCode        1243
[17:11:35.44] /o <> Core           LP 1.8V
[17:11:35.44] /o <> Metal          Thin4
[17:11:35.44] /o <> TopMetal       METTP&METTPL
[17:11:35.44] /o <>
[17:11:35.44] /o <> -------------------------------------------
[17:11:35.44] /o 
[17:11:36.11] /r giShowFrameTabs false
[17:11:38.10] /i gi::executeAction giCloseWindow -in [gi::getWindows 0]
[17:11:38.17] /r giDialog gi::setActiveDialog [gi::getDialogs {deExitDialog} -parent [gi::getWindows 0]]
[17:11:38.50] /r giDialog db::setAttr geometry -of [gi::getDialogs {deExitDialog} -parent [gi::getWindows 0]] -value 354x207+128+752
[17:11:44.90] /r giDialog gi::pressButton {ok} -in [gi::getDialogs {deExitDialog} -parent [gi::getWindows 0]]
[17:11:54.39] /o Shutdown time: Sat Nov 30 17:11:54 2024
[17:11:54.39] /o Elapsed session real time: 0.51 minutes
[17:11:54.39] /o Session terminated. Log is at /mnt/vol_NFS_rh003/Est_VLSI_II_2024/mmoncada/vlsi_chip_design/Tutorial/Flujo_completo_CC/synopsys_custom/logs/ccompiler.Martinez_Moncada_I_2024_vlsi.2024_11_30_171119_618074.log
