[17:59:21.73] /o 
              /c                    PrimeWave Design Environment
              /c 
              /c            Version U-2023.03-SP2 for linux64 - Aug 24, 2023 00:53:01 
              /c 
              /c                     Copyright (c) 2000 - 2023 Synopsys, Inc.
              /c    This software and the associated documentation are proprietary to Synopsys,
              /c  Inc. This software may only be used in accordance with the terms and conditions
              /c  of a written license agreement with Synopsys, Inc. All other use, reproduction,
              /c    or distribution of this software is strictly prohibited.  Licensed Products
              /c      communicate with Synopsys servers for the purpose of providing software
              /c     updates, detecting software piracy and verifying that customers are using
              /c     Licensed Products in conformity with the applicable License Key for such
              /c   Licensed Products. Synopsys will use information gathered in connection with
              /c     this process to deliver software updates and pursue software pirates and
              /c                                    infringers.
              /c 
              /c  Inclusivity & Diversity - Visit SolvNetPlus to read the "Synopsys Statement on
              /c             Inclusivity and Diversity" (Refer to article 000036315 at
              /c                         https://solvnetplus.synopsys.com)
              /c 
              /c Build  (OPT) Config 9117514 compiled on Wed Aug 23 10:56:58 2023 for CentOS64 7.3
              /c Invocation: /mnt/vol_synopsys2023/synopsys/primewave/U-2023.03-SP2/linux64/platform/bin/primewave_st -gui 0 -log pw_shell_session0_job2 -libDefFile /mnt/vol_NFS_rh003/Est_VLSI_II_2024/mmoncada/vlsi_chip_design/Tutorial/Flujo_completo_CC/lib.defs
              /c Execution time: Sat Nov 30 17:59:17 2024
              /c Host: redhat003
              /c 
[17:59:21.76] /m Information: Started sharing "Custom WaveView ADV" license. (WAVEFORM-110)
[17:59:21.76] /m Information: Started sharing "Primewave" license. (WAVEFORM-110)
[17:59:21.76] /m Information: Feature 'SynopsysCustomSAE' checked out. (LICENSE-003)
[17:59:26.50] /r giShowFrameTabs true
[17:59:26.50] /r giWindowId 1
[17:59:26.50] /r giWindowGeometry 1040x800
[17:59:26.59] /i ::sa::_backgroundSaeShell::signalProcessReady 1733011155 573693
[17:59:26.60] /o saeInterBGSaeShell:  ::sa::_backgroundSaeShell::processReady 11
[18:00:11.48] /i ::wf::viewerExited
[18:02:34.24] /i ::sa::_backgroundSaeShell::exit
[18:02:34.24] /o saeInterBGSaeShell:  ::sa::_backgroundSaeShell::childFormallyExiting
[18:02:35.94] /o Shutdown time: Sat Nov 30 18:02:35 2024
[18:02:35.94] /o Elapsed session real time: 3.25 minutes
[18:02:35.94] /o Session terminated. Log is at /mnt/vol_NFS_rh003/Est_VLSI_II_2024/mmoncada/vlsi_chip_design/Tutorial/Flujo_completo_CC/synopsys_custom/logs/primewave.Martinez_Moncada_I_2024_vlsi.2024_11_30_175917_625179.log
