### Custom WaveView ADV log file, revision U-2023.03-SP2 (build Aug 24, ) ###
### created at 20:40:19 on Sat Nov 30 2024 (Linux AMD64) ###
### Host Name: redhat003   User ID: Martinez_Moncada_I_2024_vlsi   PID: 682714   ###
wv_start_log
# (0) running in waveview only mode
# (0) SW_SX_PERL_LIB defined
# (0) SW_SX_TCL_LIB defined
# (0) HOME defined
sx_open_sim_file_read {inversor_simulacion_esquinas.sw0}
wv_expand_tree_item {Custom WaveView} {} {hierview} {D0:inversor_simulacion_esquinas.sw0(0)} {+sep=@}
wv_select_tree_item {Custom WaveView} {} {hierview} {D0:inversor_simulacion_esquinas.sw0(0)@toplevel(0)} {0} {+sep=@}
wv_select_tree_item {Custom WaveView} {} {hierview} {D0:inversor_simulacion_esquinas.sw0(0)@toplevel(0)} {0} {+sep=@}
wv_select_list_item {Custom WaveView} {} {sigview} {v(vout)} 6
wv_dclick_list_item {Custom WaveView} {} {sigview} {v(vout)} 6
wv_select_list_item {Custom WaveView} {} {sigview} {v(vin)} 5
wv_dclick_list_item {Custom WaveView} {} {sigview} {v(vin)} 5
wv_select_list_item {Custom WaveView} {} {sigview} {v(vin)} 5
wv_dclick_list_item {Custom WaveView} {} {sigview} {v(vin)} 5
wv_select_list_item {Custom WaveView} {} {sigview} {v(0)} 3
wv_dclick_list_item {Custom WaveView} {} {sigview} {v(0)} 3
wv_select_list_item {Custom WaveView} {} {sigview} {i(vent)} 2
wv_dclick_list_item {Custom WaveView} {} {sigview} {i(vent)} 2
wv_select_list_item {Custom WaveView} {} {sigview} {i(valim)} 1
wv_dclick_list_item {Custom WaveView} {} {sigview} {i(valim)} 1
wv_select_waveview 1 {waveview 1}
wv_select_panel WV1.PANEL2:1 0.848385 1.58824
wv_press_tool_button {Custom WaveView} {} {WaveformDeleteAllView0} 
wv_move_window {Confirmation} {} 859 486
wv_move_window {Confirmation} {} 869 489
wv_select_dialog {Confirmation} 
wv_press_button {Confirmation} {} {Ok} 
wv_select_window {Custom WaveView} 
wv_press_tool_button {Custom WaveView} {} {NewWaveView0} 
wv_resize_browser {Custom WaveView} {} {waveview 1:1} 1660 847
wv_press_tool_button {Custom WaveView} {} {NewWaveView0} 
wv_select_list_item {Custom WaveView} {} {sigview} {i(valim)} 1
wv_dclick_list_item {Custom WaveView} {} {sigview} {i(valim)} 1
wv_close_window {Custom WaveView} 
wv_move_window {Confirmation} {} 859 486
wv_move_window {Confirmation} {} 869 489
wv_select_dialog {Confirmation} 
#wv_press_button {Confirmation} {} {Ok} 
