[20:11:56.91] /o 
              /c                                 Custom Compiler™ 
              /c 
              /c                Version U-2023.03-SP2 for linux64 - Aug 25, 2023 
              /c 
              /c                     Copyright (c) 2004 - 2023 Synopsys, Inc.
              /c    This software and the associated documentation are proprietary to Synopsys,
              /c  Inc. This software may only be used in accordance with the terms and conditions
              /c  of a written license agreement with Synopsys, Inc. All other use, reproduction,
              /c    or distribution of this software is strictly prohibited.  Licensed Products
              /c      communicate with Synopsys servers for the purpose of providing software
              /c     updates, detecting software piracy and verifying that customers are using
              /c     Licensed Products in conformity with the applicable License Key for such
              /c   Licensed Products. Synopsys will use information gathered in connection with
              /c     this process to deliver software updates and pursue software pirates and
              /c                                    infringers.
              /c 
              /c  Inclusivity & Diversity - Visit SolvNetPlus to read the "Synopsys Statement on
              /c             Inclusivity and Diversity" (Refer to article 000036315 at
              /c                         https://solvnetplus.synopsys.com)
              /c 
              /c Build  (OPT) Config 9128410 compiled on Fri Aug 25 11:03:32 2023 for CentOS64 7.3
              /c Invocation: /mnt/vol_synopsys2023/synopsys/customcompiler/U-2023.03-SP2/linux64/platform/bin/cdesigner -loadAll true
              /c Execution time: Sat Oct 12 20:11:48 2024
              /c Host: redhat003
              /c Working directory: /mnt/vol_NFS_rh003/Est_VLSI_II_2024/mmoncada/vlsi_chip_design/Tutorial/Flujo_completo_CC
              /c 
[20:12:11.83] /m Information: Registering ICV PERC package...
[20:12:12.39] /o 
[20:12:12.39] /o <> -------------------------------------------
[20:12:12.39] /o <>
[20:12:12.39] /o <> Loading XFAB PDK components
[20:12:12.40] /o <>  basic                            O.K
[20:12:12.47] /o <>  exports                          O.K
[20:12:12.49] /o <>  custom                           O.K
[20:12:12.50] /o <>  cdf                              O.K
[20:12:12.50] /o <>  netlisting                       O.K
[20:12:12.55] /o <>  useability                       O.K
[20:12:12.58] /o <>  synopsys                         O.K
[20:12:12.67] /o <>  pcellkit                         O.K
[20:12:12.71] /o <>  trigger_callbacks                O.K
[20:12:12.71] /o <> Loading XFAB PDK preferences
[20:12:12.98] /w Warning: Preference 'nlPromoteTerms' is deprecated and scheduled for removal in a future release with no replacement. For migration assistance, see the Custom Compiler Tcl Reference Manual. (PREFERENCE-058)
[20:12:13.00] /w Warning: Preference 'xtStarTcadGrdFile' is deprecated and scheduled for removal in a future release with no replacement. For migration assistance, see the Custom Compiler Tcl Reference Manual. (PREFERENCE-058)
[20:12:13.01] /o <> Loading Calibre presets for XFAB PDK
[20:12:13.01] /o <> Loading .xfabrc user script
[20:12:13.01] /o <>
[20:12:13.01] /o <> -------------------------------------------
[20:12:13.01] /o <>
[20:12:13.01] /o <> Technology     xt018
[20:12:13.01] /o <> Version        v12_1_1_1
[20:12:13.01] /o <> LibCode        1243
[20:12:13.01] /o <> Core           LP 1.8V
[20:12:13.01] /o <> Metal          Thin4
[20:12:13.01] /o <> TopMetal       METTP&METTPL
[20:12:13.01] /o <>
[20:12:13.01] /o <> -------------------------------------------
[20:12:13.01] /o 
[20:12:13.60] /r giShowFrameTabs false
[20:12:14.48] /i a
[20:12:14.49] /e Error: invalid command name "a" (TCL)
[20:12:21.84] /i db::setAttr geometry -of [gi::getFrames 0] -value 600x300+35+693
[20:12:22.63] /i db::setAttr geometry -of [gi::getFrames 0] -value 600x300+53+691
[20:12:25.15] /i db::setAttr geometry -of [gi::getFrames 0] -value 600x300+104+658
[20:12:31.08] /i gi::executeAction giCloseWindow -in [gi::getWindows 0]
[20:12:31.15] /r giDialog gi::setActiveDialog [gi::getDialogs {deExitDialog} -parent [gi::getWindows 0]]
[20:12:31.44] /r giDialog db::setAttr geometry -of [gi::getDialogs {deExitDialog} -parent [gi::getWindows 0]] -value 354x207+227+711
[20:12:34.15] /r giDialog gi::pressButton {ok} -in [gi::getDialogs {deExitDialog} -parent [gi::getWindows 0]]
[20:12:39.71] /o Shutdown time: Sat Oct 12 20:12:39 2024
[20:12:39.71] /o Elapsed session real time: 0.75 minutes
[20:12:39.71] /o Session terminated. Log is at /mnt/vol_NFS_rh003/Est_VLSI_II_2024/mmoncada/vlsi_chip_design/Tutorial/Flujo_completo_CC/synopsys_custom/logs/ccompiler.Martinez_Moncada_I_2024_vlsi.2024_10_12_201148_132951.log
