[13:42:43.79] /o 
              /c                                 Custom Compiler™ 
              /c 
              /c                Version U-2023.03-SP2 for linux64 - Aug 25, 2023 
              /c 
              /c                     Copyright (c) 2004 - 2023 Synopsys, Inc.
              /c    This software and the associated documentation are proprietary to Synopsys,
              /c  Inc. This software may only be used in accordance with the terms and conditions
              /c  of a written license agreement with Synopsys, Inc. All other use, reproduction,
              /c    or distribution of this software is strictly prohibited.  Licensed Products
              /c      communicate with Synopsys servers for the purpose of providing software
              /c     updates, detecting software piracy and verifying that customers are using
              /c     Licensed Products in conformity with the applicable License Key for such
              /c   Licensed Products. Synopsys will use information gathered in connection with
              /c     this process to deliver software updates and pursue software pirates and
              /c                                    infringers.
              /c 
              /c  Inclusivity & Diversity - Visit SolvNetPlus to read the "Synopsys Statement on
              /c             Inclusivity and Diversity" (Refer to article 000036315 at
              /c                         https://solvnetplus.synopsys.com)
              /c 
              /c Build  (OPT) Config 9128410 compiled on Fri Aug 25 11:03:32 2023 for CentOS64 7.3
              /c Invocation: /mnt/vol_synopsys2023/synopsys/customcompiler/U-2023.03-SP2/linux64/platform/bin/cdesigner -loadAll true
              /c Execution time: Sun Oct  6 13:42:41 2024
              /c Host: redhat003
              /c Working directory: /mnt/vol_NFS_rh003/Est_VLSI_II_2024/mmoncada/vlsi_chip_design/Tutorial/Flujo_completo_CC
              /c 
[13:42:50.84] /m Information: Registering ICV PERC package...
[13:42:51.01] /o 
[13:42:51.01] /o <> -------------------------------------------
[13:42:51.01] /o <>
[13:42:51.01] /o <> Loading XFAB PDK components
[13:42:51.01] /o <>  basic                            O.K
[13:42:51.02] /o <>  exports                          O.K
[13:42:51.04] /o <>  custom                           O.K
[13:42:51.04] /o <>  cdf                              O.K
[13:42:51.04] /o <>  netlisting                       O.K
[13:42:51.07] /o <>  useability                       O.K
[13:42:51.08] /o <>  synopsys                         O.K
[13:42:51.12] /o <>  pcellkit                         O.K
[13:42:51.15] /o <>  trigger_callbacks                O.K
[13:42:51.15] /o <> Loading XFAB PDK preferences
[13:42:51.38] /w Warning: Preference 'nlPromoteTerms' is deprecated and scheduled for removal in a future release with no replacement. For migration assistance, see the Custom Compiler Tcl Reference Manual. (PREFERENCE-058)
[13:42:51.40] /w Warning: Preference 'xtStarTcadGrdFile' is deprecated and scheduled for removal in a future release with no replacement. For migration assistance, see the Custom Compiler Tcl Reference Manual. (PREFERENCE-058)
[13:42:51.40] /o <> Loading Calibre presets for XFAB PDK
[13:42:51.40] /o <> Loading .xfabrc user script
[13:42:51.40] /o <>
[13:42:51.40] /o <> -------------------------------------------
[13:42:51.40] /o <>
[13:42:51.40] /o <> Technology     xt018
[13:42:51.40] /o <> Version        v12_1_1_1
[13:42:51.40] /o <> LibCode        1243
[13:42:51.40] /o <> Core           LP 1.8V
[13:42:51.40] /o <> Metal          Thin4
[13:42:51.40] /o <> TopMetal       METTP&METTPL
[13:42:51.40] /o <>
[13:42:51.40] /o <> -------------------------------------------
[13:42:51.40] /o 
[13:42:51.99] /r giShowFrameTabs false
[13:46:10.29] /i db::setAttr geometry -of [gi::getFrames 0] -value 600x300+380+280
[13:46:17.36] /# gi::executeAction {dmShowNewLibrary} -in [gi::getWindows 0]
[13:46:17.36] /i dm::showNewLibrary -parent 0
[13:46:17.46] /i gi::setActiveDialog [gi::getDialogs {dmNewLibrary}]
[13:46:17.71] /i db::setAttr geometry -of [gi::getDialogs {dmNewLibrary}] -value 454x536+723+245
[13:48:45.11] /i gi::setField {libName} -value {basic_cells} -in [gi::getDialogs {dmNewLibrary}]
[13:48:45.28] /i gi::pressButton {ok} -in [gi::getDialogs {dmNewLibrary}]
[13:48:45.32] /# dm::createLib basic\_cells -path {./basic_cells} -dmSystem oaDMFileSys
[13:48:45.39] /# db::attachTech [oa::LibFind [ oa::ScalarName [oa::CdbaNS] basic\_cells]] -refLib [oa::LibFind [ oa::ScalarName [oa::CdbaNS] TECH\_XT018]]
[13:49:05.26] /i db::setAttr geometry -of [gi::getFrames 0] -value 600x300+799+245
