### Custom WaveView ADV log file, revision U-2023.03-SP2 (build Aug 24, ) ###
### created at 17:44:02 on Sat Nov 30 2024 (Linux AMD64) ###
### Host Name: redhat003   User ID: Martinez_Moncada_I_2024_vlsi   PID: 622613   ###
wv_start_log
# (0) running in waveview only mode
# (0) SW_SX_PERL_LIB defined
# (0) SW_SX_TCL_LIB defined
# (0) HOME defined
#source {/mnt/vol_synopsys2023/synopsys/primewave/U-2023.03-SP2/bin/../auxx/auxx_for_cc/../../linux64/swv/packages/SX-SNPSCUST-Link/snps_custom_link.tcl}
#source TCL files from directory {/mnt/vol_synopsys2023/synopsys/primewave/U-2023.03-SP2/bin/../auxx/auxx_for_cc}
#[17:59:22.050] I| Created new database /home/Martinez_Moncada_I_2024_vlsi/simulation/basic_cells,test_nand2x1_mixta,schematic/history_1/simulation/FineSim_VCS_default/FineSimProVCS/nominal/results/post_results.db
#[17:59:23.390] I| Setup simulation complete: 
#    results directory: /home/Martinez_Moncada_I_2024_vlsi/simulation/basic_cells,test_nand2x1_mixta,schematic/history_1/simulation/FineSim_VCS_default/FineSimProVCS/nominal/results 
#    post database directory: /home/Martinez_Moncada_I_2024_vlsi/simulation/basic_cells,test_nand2x1_mixta,schematic/history_1/simulation/FineSim_VCS_default/FineSimProVCS/nominal/results
#[18:00:08.200] I| Created new database /home/Martinez_Moncada_I_2024_vlsi/simulation/basic_cells,test_nand2x1_mixta,schematic/history_1/simulation/FineSim_VCS_default/FineSimProVCS/nominal/results/post_results.db
#[18:00:08.220] I| Created new database /home/Martinez_Moncada_I_2024_vlsi/simulation/basic_cells,test_nand2x1_mixta,schematic/history_1/simulation/FineSim_VCS_default/FineSimProVCS/nominal/results/rv_status.db
#[18:00:08.250] I| Setup simulation complete: 
#    results directory: /home/Martinez_Moncada_I_2024_vlsi/simulation/basic_cells,test_nand2x1_mixta,schematic/history_1/simulation/FineSim_VCS_default/FineSimProVCS/nominal/results 
#    post database directory: /home/Martinez_Moncada_I_2024_vlsi/simulation/basic_cells,test_nand2x1_mixta,schematic/history_1/simulation/FineSim_VCS_default/FineSimProVCS/nominal/results
#sx_exit#
