[16:39:11.88] /o 
              /c                                 Custom Compiler™ 
              /c 
              /c                Version U-2023.03-SP2 for linux64 - Aug 25, 2023 
              /c 
              /c                     Copyright (c) 2004 - 2023 Synopsys, Inc.
              /c    This software and the associated documentation are proprietary to Synopsys,
              /c  Inc. This software may only be used in accordance with the terms and conditions
              /c  of a written license agreement with Synopsys, Inc. All other use, reproduction,
              /c    or distribution of this software is strictly prohibited.  Licensed Products
              /c      communicate with Synopsys servers for the purpose of providing software
              /c     updates, detecting software piracy and verifying that customers are using
              /c     Licensed Products in conformity with the applicable License Key for such
              /c   Licensed Products. Synopsys will use information gathered in connection with
              /c     this process to deliver software updates and pursue software pirates and
              /c                                    infringers.
              /c 
              /c  Inclusivity & Diversity - Visit SolvNetPlus to read the "Synopsys Statement on
              /c             Inclusivity and Diversity" (Refer to article 000036315 at
              /c                         https://solvnetplus.synopsys.com)
              /c 
              /c Build  (OPT) Config 9128410 compiled on Fri Aug 25 11:03:32 2023 for CentOS64 7.3
              /c Invocation: /mnt/vol_synopsys2023/synopsys/customcompiler/U-2023.03-SP2/linux64/platform/bin/cdesigner -loadAll true
              /c Execution time: Sun Dec  1 16:39:07 2024
              /c Host: redhat003
              /c Working directory: /mnt/vol_NFS_rh003/Est_VLSI_II_2024/mmoncada/vlsi_chip_design/Tarea3/FFE_AE
              /c 
[16:39:23.25] /m Information: Registering ICV PERC package...
[16:39:23.32] /w Warning: In file /mnt/vol_NFS_rh003/Est_VLSI_II_2024/mmoncada/vlsi_chip_design/Tarea3/FFE_AE/lib.defs: Unable to open library FlipFlop at path /mnt/vol_NFS_rh003/Est_VLSI_II_2024/mmoncada/vlsi_chip_design/Tarea3/FFE_AE/FlipFlop : No access permission. (DATA_MANAGEMENT-014)
[16:39:23.32] /w Warning: In file /mnt/vol_NFS_rh003/Est_VLSI_II_2024/mmoncada/vlsi_chip_design/Tarea3/FFE_AE/lib.defs: Unable to open library flipflopt3 at path /mnt/vol_NFS_rh003/Est_VLSI_II_2024/mmoncada/vlsi_chip_design/Tarea3/FFE_AE/flipflopt3 : No access permission. (DATA_MANAGEMENT-014)
[16:39:23.32] /w Warning: In file /mnt/vol_NFS_rh003/Est_VLSI_II_2024/mmoncada/vlsi_chip_design/Tarea3/FFE_AE/lib.defs: Unable to open library FlipFlopt3 at path /mnt/vol_NFS_rh003/Est_VLSI_II_2024/mmoncada/vlsi_chip_design/Tarea3/FFE_AE/FlipFlopt3 : No access permission. (DATA_MANAGEMENT-014)
[16:39:23.42] /o 
[16:39:23.42] /o <> -------------------------------------------
[16:39:23.42] /o <>
[16:39:23.42] /o <> Loading XFAB PDK components
[16:39:23.43] /o <>  basic                            O.K
[16:39:23.45] /o <>  exports                          O.K
[16:39:23.46] /o <>  custom                           O.K
[16:39:23.47] /o <>  cdf                              O.K
[16:39:23.47] /o <>  netlisting                       O.K
[16:39:23.51] /o <>  useability                       O.K
[16:39:23.52] /o <>  synopsys                         O.K
[16:39:23.57] /o <>  pcellkit                         O.K
[16:39:23.61] /o <>  trigger_callbacks                O.K
[16:39:23.61] /o <> Loading XFAB PDK preferences
[16:39:23.87] /w Warning: Preference 'nlPromoteTerms' is deprecated and scheduled for removal in a future release with no replacement. For migration assistance, see the Custom Compiler Tcl Reference Manual. (PREFERENCE-058)
[16:39:23.90] /w Warning: Preference 'xtStarTcadGrdFile' is deprecated and scheduled for removal in a future release with no replacement. For migration assistance, see the Custom Compiler Tcl Reference Manual. (PREFERENCE-058)
[16:39:23.90] /o <> Loading Calibre presets for XFAB PDK
[16:39:23.90] /o <> Loading .xfabrc user script
[16:39:23.90] /o <>
[16:39:23.90] /o <> -------------------------------------------
[16:39:23.90] /o <>
[16:39:23.91] /o <> Technology     xt018
[16:39:23.91] /o <> Version        v12_1_1_1
[16:39:23.91] /o <> LibCode        1243
[16:39:23.91] /o <> Core           LP 1.8V
[16:39:23.91] /o <> Metal          Thin4
[16:39:23.91] /o <> TopMetal       METTP&METTPL
[16:39:23.91] /o <>
[16:39:23.91] /o <> -------------------------------------------
[16:39:23.91] /o 
[16:39:24.61] /r giShowFrameTabs false
[16:39:27.10] /i db::setAttr geometry -of [gi::getFrames 0] -value 600x300+796+645
[16:39:42.70] /# gi::executeAction {dmShowLibraryManager} -in [gi::getWindows 0]
[16:39:42.70] /i dm::showLibraryManager
[16:39:42.70] /r giWindowId 1
[16:39:42.70] /r giWindowGeometry 1910x1020+5+55
[16:39:42.70] /i db::setAttr maximized -of [gi::getFrames 1] -value true
[16:39:45.22] /i gi::setCurrentIndex {libs} -index {D_CELLS_HDLL} -in [gi::getWindows 1]
[16:39:45.29] /i gi::setItemSelection {libs} -index {D_CELLS_HDLL} -in [gi::getWindows 1]
[16:39:47.25] /i gi::setCurrentIndex {libs} -index {basic_cells} -in [gi::getWindows 1]
[16:39:47.26] /i gi::setItemSelection {libs} -index {basic_cells} -in [gi::getWindows 1]
[16:39:48.68] /i gi::setCurrentIndex {cells} -index {test_nand2x1_mixta} -in [gi::getWindows 1]
[16:39:48.70] /i gi::setItemSelection {cells} -index {test_nand2x1_mixta} -in [gi::getWindows 1]
[16:39:50.57] /# gi::executeAction {dmShowCopyCell} -in [gi::getWindows 1]
[16:39:50.57] /i dm::showCopyCell -parent 1
[16:39:50.69] /i gi::setActiveDialog [gi::getDialogs {dmCopyCell} -parent [gi::getWindows 1]]
[16:39:50.91] /i db::setAttr geometry -of [gi::getDialogs {dmCopyCell} -parent [gi::getWindows 1]] -value 474x718+713+154
[16:39:59.69] /i gi::setField {toCellName} -value {test_ff1b_mixta} -in [gi::getDialogs {dmCopyCell} -parent [gi::getWindows 1]]
[16:39:59.69] /i gi::setCurrentIndex {toLibs} -index {FlipFlopt3_library} -in [gi::getDialogs {dmCopyCell} -parent [gi::getWindows 1]]
[16:39:59.69] /i gi::setItemSelection {toLibs} -index {FlipFlopt3_library} -in [gi::getDialogs {dmCopyCell} -parent [gi::getWindows 1]]
[16:40:01.51] /i gi::setCurrentIndex {toLibs} -index {basic_cells} -in [gi::getDialogs {dmCopyCell} -parent [gi::getWindows 1]]
[16:40:01.52] /i gi::setItemSelection {toLibs} -index {basic_cells} -in [gi::getDialogs {dmCopyCell} -parent [gi::getWindows 1]]
[16:40:02.74] /i gi::setCurrentIndex {toLibs} -index {FlipFlopt3_library} -in [gi::getDialogs {dmCopyCell} -parent [gi::getWindows 1]]
[16:40:02.74] /i gi::setItemSelection {toLibs} -index {FlipFlopt3_library} -in [gi::getDialogs {dmCopyCell} -parent [gi::getWindows 1]]
[16:41:01.13] /i gi::pressButton {ok} -in [gi::getDialogs {dmCopyCell} -parent [gi::getWindows 1]]
[16:41:01.16] /# dm::copyCells [db::createCollection [list [dm::findCell test\_nand2x1\_mixta -libName basic\_cells] ] ] -libDestName FlipFlopt3\_library -cellDestName test\_ff1b\_mixta -updateSearch changed -maintainCategories true -includeViews {*} -includeViewTypes {*}
[16:41:04.62] /i gi::executeAction giCloseWindow -in [gi::getWindows 1]
[16:41:05.89] /i gi::setActiveWindow 0
[16:41:05.89] /i gi::setActiveWindow 0 -raise true
[16:41:08.68] /# gi::executeAction {deOpenDesign} -in [gi::getWindows 0]
[16:41:08.68] /i de::showOpenDesign
[16:41:08.74] /i gi::setActiveDialog [gi::getDialogs {deOpenDesign}]
[16:41:09.00] /i db::setAttr geometry -of [gi::getDialogs {deOpenDesign}] -value 645x491+628+268
[16:41:10.77] /i gi::setCurrentIndex {designLibs} -index {FlipFlopt3_library} -in [gi::getDialogs {deOpenDesign}]
[16:41:10.78] /i gi::setItemSelection {designLibs} -index {FlipFlopt3_library} -in [gi::getDialogs {deOpenDesign}]
[16:41:12.21] /i gi::setCurrentIndex {designCells} -index {test_ff1b_mixta} -in [gi::getDialogs {deOpenDesign}]
[16:41:12.22] /i gi::setItemSelection {designCells} -index {test_ff1b_mixta} -in [gi::getDialogs {deOpenDesign}]
[16:41:14.62] /i gi::setCurrentIndex {designViews} -index {schematic} -in [gi::getDialogs {deOpenDesign}]
[16:41:14.62] /i gi::setItemSelection {designViews} -index {schematic} -in [gi::getDialogs {deOpenDesign}]
[16:41:16.82] /i db::setAttr geometry -of [gi::getDialogs {deOpenDesign}] -value 796x491+628+268
[16:41:18.40] /i gi::pressButton {ok} -in [gi::getDialogs {deOpenDesign}]
[16:41:18.40] /# de::open [dm::findCellView {schematic} -cellName {test_ff1b_mixta} -libName {FlipFlopt3_library}] -readOnly 0
[16:41:18.43] /m Information: Feature 'SynopsysCustomLayout' checked out. (LICENSE-003)
[16:41:18.52] /r giWindowId 2
[16:41:18.52] /r giWindowGeometry 1910x1020+5+55
[16:41:18.52] /# db::setAttr maximized -of [gi::getFrames 2] -value true
[16:41:19.11] /i db::setAttr dockSize -of [gi::getAssistants deMarkerBrowser -from [gi::getWindows 2]] -value 292x891
[16:41:21.49] /i gi::executeAction {deCanvasDragSelect} -in [gi::getWindows 2]
[16:41:21.49] /r deCanvasDragStart 4.39375 1.0875
[16:41:22.63] /# gi::executeAction {deCanvasDragEnd} -in [gi::getWindows 2]
[16:41:22.63] /i gi::executeAction deCanvasDragEnd -in [gi::getWindows 2]
[16:41:22.63] /r deCanvasDragEnd 3.7875 1.8
[16:41:24.02] /# gi::executeAction {seDelete} -in [gi::getWindows 2]
[16:41:24.02] /i ise::delete
[16:41:29.43] /# gi::executeAction {deSelectActive} -in [gi::getWindows 2]
[16:41:29.43] /i de::deselectAll [db::getNext [de::getContexts -window 2]]
[16:41:29.43] /i de::select [de::getActiveFigure [gi::getWindows 2] -point {2.26875 1.5125} -index 0 -intent none]
[16:41:29.43] /o oa:0x43e6e850
[16:41:29.66] /i ::se::internal::descendInst 2 [de::getActiveFigure [gi::getWindows 2] -point {2.26875 1.5125} -index 0 -intent none] auto
[16:41:29.67] /# ide::descend 2 -inPlace false -readOnly auto
[16:41:29.70] /# Navigating to basic_cells/stimulus_nand2x1/symbol (I1)
[16:41:29.73] /e Error: Could not set preference deActiveObjectToolbarProc to value 'printInfo' because that value is invalid. Tcl procedure with the given name doesn't exist. (PREFERENCE-043)
[16:41:29.75] /r giWindowGeometry 1632x947+5+55
[16:41:30.18] /i db::setAttr dockSize -of [gi::getAssistants deMarkerBrowser -from [gi::getWindows 2]] -value 292x891
[16:41:35.61] /# gi::executeAction {deReturn} -in [gi::getWindows 2]
[16:41:35.61] /i de::return [db::getNext [de::getContexts -window 2]] -errorOnFail false
[16:41:35.62] /# Navigating to FlipFlopt3_library/test_ff1b_mixta/schematic
[16:41:35.62] /r giWindowGeometry 1910x1020+5+55
[16:41:36.08] /i db::setAttr dockSize -of [gi::getAssistants deMarkerBrowser -from [gi::getWindows 2]] -value 292x891
[16:41:39.39] /# gi::executeAction {seCreateInst} -in [gi::getWindows 2]
[16:41:39.39] /i ise::createInst
[16:41:39.63] /i gi::setField {parametersExpand} -value {false} -in [gi::getDialogs {seCreateInst} -parent [gi::getWindows 2]]
[16:41:39.63] /i gi::setField {parametersExpand} -value {true} -in [gi::getDialogs {seCreateInst} -parent [gi::getWindows 2]]
[16:41:39.69] /i gi::setActiveDialog [gi::getDialogs {seCreateInst} -parent [gi::getWindows 2]]
[16:41:40.00] /i db::setAttr geometry -of [gi::getDialogs {seCreateInst} -parent [gi::getWindows 2]] -value 472x485+0+64
[16:41:43.29] /i gi::setField {parametersExpand} -value {false} -in [gi::getDialogs {seCreateInst} -parent [gi::getWindows 2]]
[16:41:43.29] /i gi::setField {parametersExpand} -value {true} -in [gi::getDialogs {seCreateInst} -parent [gi::getWindows 2]]
[16:41:43.29] /i gi::setField {instMasterLib} -value {FlipFlopt3_library} -in [gi::getDialogs {seCreateInst} -parent [gi::getWindows 2]]
[16:41:43.60] /i db::setAttr geometry -of [gi::getDialogs {seCreateInst} -parent [gi::getWindows 2]] -value 472x454+0+64
[16:41:50.58] /i gi::setField {parametersExpand} -value {false} -in [gi::getDialogs {seCreateInst} -parent [gi::getWindows 2]]
[16:41:50.58] /i gi::setField {parametersExpand} -value {true} -in [gi::getDialogs {seCreateInst} -parent [gi::getWindows 2]]
[16:41:50.58] /i gi::setField {instMasterCell} -value {flipflop_1bit} -in [gi::getDialogs {seCreateInst} -parent [gi::getWindows 2]]
[16:41:50.90] /i db::setAttr geometry -of [gi::getDialogs {seCreateInst} -parent [gi::getWindows 2]] -value 472x447+0+64
[16:41:53.10] /i gi::setField {parametersExpand} -value {false} -in [gi::getDialogs {seCreateInst} -parent [gi::getWindows 2]]
[16:41:53.10] /i gi::setField {parametersExpand} -value {true} -in [gi::getDialogs {seCreateInst} -parent [gi::getWindows 2]]
[16:41:53.10] /i gi::setField {instMasterCell} -value {DFFHDLLX0} -in [gi::getDialogs {seCreateInst} -parent [gi::getWindows 2]]
[16:41:53.40] /i db::setAttr geometry -of [gi::getDialogs {seCreateInst} -parent [gi::getWindows 2]] -value 472x445+0+64
[16:41:55.96] /i gi::setField {parametersExpand} -value {false} -in [gi::getDialogs {seCreateInst} -parent [gi::getWindows 2]]
[16:41:55.96] /i gi::setField {parametersExpand} -value {true} -in [gi::getDialogs {seCreateInst} -parent [gi::getWindows 2]]
[16:41:55.97] /i gi::setField {instMasterCell} -value {test_ff1b_mixta} -in [gi::getDialogs {seCreateInst} -parent [gi::getWindows 2]]
[16:41:56.28] /i db::setAttr geometry -of [gi::getDialogs {seCreateInst} -parent [gi::getWindows 2]] -value 472x444+0+64
[16:42:00.83] /i gi::setField {parametersExpand} -value {false} -in [gi::getDialogs {seCreateInst} -parent [gi::getWindows 2]]
[16:42:00.84] /i gi::setField {parametersExpand} -value {true} -in [gi::getDialogs {seCreateInst} -parent [gi::getWindows 2]]
[16:42:00.84] /i gi::setField {instMasterCell} -value {DFFHDLLX0} -in [gi::getDialogs {seCreateInst} -parent [gi::getWindows 2]]
[16:42:01.12] /i db::setAttr geometry -of [gi::getDialogs {seCreateInst} -parent [gi::getWindows 2]] -value 472x444+0+64
[16:42:15.29] /# gi::executeAction {deAddPoint} -in [gi::getWindows 2]
[16:42:15.29] /i de::addPoint {3.88125 1.25625} -context [db::getNext [de::getContexts -window 2]]
[16:42:22.84] /# gi::executeAction {deAbortCommand} -in [gi::getWindows 2]
[16:42:22.84] /i de::abortCommand -context [db::getNext [de::getContexts -window 2]]
[16:42:24.26] /i gi::executeAction {deCanvasDragSelect} -in [gi::getWindows 2]
[16:42:24.26] /r deCanvasDragStart 3.6875 0.50625
[16:42:25.03] /# gi::executeAction {deCanvasDragEnd} -in [gi::getWindows 2]
[16:42:25.03] /i gi::executeAction deCanvasDragEnd -in [gi::getWindows 2]
[16:42:25.03] /r deCanvasDragEnd 2.3375 2.10625
[16:42:26.20] /# gi::executeAction {seDelete} -in [gi::getWindows 2]
[16:42:26.21] /i ise::delete
[16:42:27.34] /i gi::executeAction {deCanvasDragSelect} -in [gi::getWindows 2]
[16:42:27.34] /r deCanvasDragStart 2.1125 2.21875
[16:42:28.33] /# gi::executeAction {deCanvasDragEnd} -in [gi::getWindows 2]
[16:42:28.33] /i gi::executeAction deCanvasDragEnd -in [gi::getWindows 2]
[16:42:28.33] /r deCanvasDragEnd 3.05 0.66875
[16:42:29.55] /i gi::executeAction {deCanvasDragSelect} -in [gi::getWindows 2]
[16:42:29.55] /r deCanvasDragStart 3.1875 0.55625
[16:42:30.21] /# gi::executeAction {deCanvasDragEnd} -in [gi::getWindows 2]
[16:42:30.21] /i gi::executeAction deCanvasDragEnd -in [gi::getWindows 2]
[16:42:30.21] /r deCanvasDragEnd 1.98125 2.30625
[16:42:31.02] /# gi::executeAction {seDelete} -in [gi::getWindows 2]
[16:42:31.02] /i ise::delete
[16:43:13.87] /# gi::executeAction {deOpenDesign} -in [gi::getWindows 2]
[16:43:13.87] /i de::showOpenDesign
[16:43:13.91] /i gi::setActiveDialog [gi::getDialogs {deOpenDesign}]
[16:43:14.18] /i db::setAttr geometry -of [gi::getDialogs {deOpenDesign}] -value 796x491+628+268
[16:43:15.88] /i gi::setCurrentIndex {designCells} -index {DFFHDLLX0} -in [gi::getDialogs {deOpenDesign}]
[16:43:15.91] /i gi::setItemSelection {designCells} -index {DFFHDLLX0} -in [gi::getDialogs {deOpenDesign}]
[16:43:17.33] /i gi::setCurrentIndex {designViews} -index {cmos_sch} -in [gi::getDialogs {deOpenDesign}]
[16:43:17.34] /i gi::setItemSelection {designViews} -index {cmos_sch} -in [gi::getDialogs {deOpenDesign}]
[16:43:22.91] /i gi::pressButton {ok} -in [gi::getDialogs {deOpenDesign}]
[16:43:22.91] /# de::open [dm::findCellView {cmos_sch} -cellName {DFFHDLLX0} -libName {FlipFlopt3_library}] -readOnly 0
[16:43:23.04] /r giWindowId 3
[16:43:23.05] /r giWindowGeometry 1910x1020+5+55
[16:43:23.05] /# db::setAttr maximized -of [gi::getFrames 3] -value true
[16:43:23.26] /o oa:0x44a08050
[16:43:23.53] /i db::setAttr dockSize -of [gi::getAssistants deMarkerBrowser -from [gi::getWindows 3]] -value 292x891
[16:43:25.03] /i gi::executeAction {deCanvasDragSelect} -in [gi::getWindows 3]
[16:43:25.03] /r deCanvasDragStart 6.19375 3.56875
[16:43:25.77] /# gi::executeAction {deCanvasDragEnd} -in [gi::getWindows 3]
[16:43:25.77] /i gi::executeAction deCanvasDragEnd -in [gi::getWindows 3]
[16:43:25.77] /r deCanvasDragEnd 4.08125 4.44375
[16:43:28.08] /# gi::executeAction {deSelectActive} -in [gi::getWindows 3]
[16:43:28.08] /i de::deselectAll [db::getNext [de::getContexts -window 3]]
[16:43:28.08] /i de::deselectAllLogic -context [de::getContexts -filter {%editDesign==[db::getAttr editDesign -of [db::getNext [de::getContexts -window 3]]]}]
[16:43:28.70] /i gi::executeAction {deCanvasDragSelect} -in [gi::getWindows 3]
[16:43:28.70] /r deCanvasDragStart 6.075 3.4625
[16:43:29.54] /# gi::executeAction {deCanvasDragEnd} -in [gi::getWindows 3]
[16:43:29.54] /i gi::executeAction deCanvasDragEnd -in [gi::getWindows 3]
[16:43:29.54] /r deCanvasDragEnd 4.69375 4.41875
[16:43:30.51] /# gi::executeAction {seCopyClipboard} -in [gi::getWindows 3]
[16:43:30.51] /i ise::copyToClipboard [db::getNext [de::getContexts -window 3]] -log explicit
[16:43:30.58] /i de::copy [de::getSelected -design [ed]] -anchor {5.375 4.25} -selectResult true 
[16:43:30.59] /i gi::executeAction deObjectActivation -in [gi::getWindows 3]
[16:43:30.80] /i gi::executeAction deObjectActivation -in [gi::getWindows 3]
[16:43:31.64] /# gi::executeAction {deAddPoint} -in [gi::getWindows 3]
[16:43:31.67] /i de::copy [de::getSelected -design [ed]] -anchor {14.625 6.5625} -selectResult true 
[16:43:33.14] /i db::setAttr maximized -of [gi::getFrames 3] -value false
[16:43:33.40] /i db::setAttr dockSize -of [gi::getAssistants deMarkerBrowser -from [gi::getWindows 3]] -value 292x627
[16:43:33.50] /i db::setAttr geometry -of [gi::getFrames 3] -value 1430x756+358+121
[16:43:34.10] /i db::setAttr geometry -of [gi::getFrames 3] -value 1430x756+485+171
[16:43:34.45] /i gi::setActiveWindow 2
[16:43:34.45] /i gi::setActiveWindow 2 -raise true
[16:43:36.00] /# gi::executeAction {deDeselectActive} -in [gi::getWindows 2]
[16:43:37.52] /# gi::executeAction {deSelectActive} -in [gi::getWindows 2]
[16:43:37.52] /i de::deselectAllLogic -context [de::getContexts -filter {%editDesign==[db::getAttr editDesign -of [db::getNext [de::getContexts -window 2]]]}]
[16:43:38.84] /# gi::executeAction {deSelectActive} -in [gi::getWindows 2]
[16:43:38.84] /i de::deselectAllLogic -context [de::getContexts -filter {%editDesign==[db::getAttr editDesign -of [db::getNext [de::getContexts -window 2]]]}]
[16:43:39.16] /# gi::executeAction {sePaste} -in [gi::getWindows 2]
[16:43:39.16] /i ise::paste
[16:43:39.19] /i gi::executeAction deObjectActivation -in [gi::getWindows 2]
[16:43:39.48] /i gi::executeAction deObjectActivation -in [gi::getWindows 2]
[16:43:40.43] /i gi::executeAction deObjectActivation -in [gi::getWindows 2]
[16:43:41.02] /# gi::executeAction {sePaste} -in [gi::getWindows 2]
[16:43:41.02] /i ise::paste
[16:43:41.45] /i gi::executeAction deObjectActivation -in [gi::getWindows 2]
[16:43:48.34] /i gi::setActiveWindow 3
[16:43:48.34] /i gi::setActiveWindow 3 -raise true
[16:43:50.01] /# gi::executeAction {deStartDrag} -in [gi::getWindows 3]
[16:43:50.03] /i db::setPrefValue deSelectMode -value Replace -scope [db::getScopes [db::getNext [de::getContexts -window 3]]]; ide::selectByRegion -region rectangle -point {6.4375 3.75} 
[16:43:52.02] /# gi::executeAction {deEndDrag} -in [gi::getWindows 3]
[16:43:52.02] /i de::endDrag {4.5 4.3125} -context [db::getNext [de::getContexts -window 3]]
[16:43:52.03] /i de::copy [de::getSelected -design [ed]] -anchor {5.25 4.25} -selectResult true 
[16:43:53.07] /# gi::executeAction {deAbortCommand} -in [gi::getWindows 3]
[16:43:54.22] /i gi::setActiveWindow 2
[16:43:54.22] /i gi::setActiveWindow 2 -raise true
[16:43:54.44] /# gi::executeAction {deAddPoint} -in [gi::getWindows 2]
[16:43:54.44] /i de::addPoint {2.84375 1.35625} -context [db::getNext [de::getContexts -window 2]]
[16:43:55.95] /# gi::executeAction {deAbortCommand} -in [gi::getWindows 2]
[16:43:55.95] /i de::abortCommand -context [db::getNext [de::getContexts -window 2]]
[16:43:57.98] /# gi::executeAction {deFitEdit} -in [gi::getWindows 2]
[16:43:57.98] /i de::fit -window 2 -fitEdit true
[16:43:59.63] /i gi::executeAction {deCanvasDragSelect} -in [gi::getWindows 2]
[16:43:59.63] /r deCanvasDragStart 2.06875 1.61875
[16:44:00.58] /# gi::executeAction {deCanvasDragEnd} -in [gi::getWindows 2]
[16:44:00.58] /i gi::executeAction deCanvasDragEnd -in [gi::getWindows 2]
[16:44:00.59] /r deCanvasDragEnd 3.5375 1.1375
[16:44:01.53] /# gi::executeAction {seDelete} -in [gi::getWindows 2]
[16:44:01.53] /i ise::delete
[16:44:05.51] /i gi::setActiveWindow 3
[16:44:05.51] /i gi::setActiveWindow 3 -raise true
[16:44:06.87] /i gi::executeAction {deCanvasDragSelect} -in [gi::getWindows 3]
[16:44:06.88] /r deCanvasDragStart 5.925 3.74375
[16:44:07.71] /# gi::executeAction {deCanvasDragEnd} -in [gi::getWindows 3]
[16:44:07.71] /i gi::executeAction deCanvasDragEnd -in [gi::getWindows 3]
[16:44:07.71] /r deCanvasDragEnd 4.025 4.50625
[16:44:08.96] /i gi::executeAction {deCanvasDragSelect} -in [gi::getWindows 3]
[16:44:08.96] /r deCanvasDragStart 6.0125 3.65625
[16:44:09.74] /# gi::executeAction {deCanvasDragEnd} -in [gi::getWindows 3]
[16:44:09.74] /i gi::executeAction deCanvasDragEnd -in [gi::getWindows 3]
[16:44:09.74] /r deCanvasDragEnd 4.74375 4.475
[16:44:10.86] /# gi::executeAction {seCopyClipboard} -in [gi::getWindows 3]
[16:44:10.86] /i ise::copyToClipboard [db::getNext [de::getContexts -window 3]] -log explicit
[16:44:10.87] /i de::copy [de::getSelected -design [ed]] -anchor {5.375 4.25} -selectResult true 
[16:44:10.88] /i gi::executeAction deObjectActivation -in [gi::getWindows 3]
[16:44:11.65] /i gi::executeAction deObjectActivation -in [gi::getWindows 3]
[16:44:12.35] /i gi::setActiveWindow 2
[16:44:12.35] /i gi::setActiveWindow 2 -raise true
[16:44:12.55] /# gi::executeAction {deSelectActive} -in [gi::getWindows 2]
[16:44:12.55] /i de::deselectAllLogic -context [de::getContexts -filter {%editDesign==[db::getAttr editDesign -of [db::getNext [de::getContexts -window 2]]]}]
[16:44:13.48] /# gi::executeAction {sePaste} -in [gi::getWindows 2]
[16:44:13.48] /i ise::paste
[16:44:13.53] /i gi::executeAction deObjectActivation -in [gi::getWindows 2]
[16:44:13.78] /i gi::executeAction deObjectActivation -in [gi::getWindows 2]
[16:44:18.76] /# gi::executeAction {deAddPoint} -in [gi::getWindows 2]
[16:44:18.76] /i de::addPoint {2.8625 1.4625} -context [db::getNext [de::getContexts -window 2]]
[16:44:20.34] /# gi::executeAction {deAbortCommand} -in [gi::getWindows 2]
[16:44:20.34] /i de::abortCommand -context [db::getNext [de::getContexts -window 2]]
[16:44:23.93] /i gi::setActiveWindow 3
[16:44:23.93] /i gi::setActiveWindow 3 -raise true
[16:44:24.89] /# gi::executeAction {deFitEdit} -in [gi::getWindows 3]
[16:44:24.89] /i de::fit -window 3 -fitEdit true
[16:44:26.37] /# gi::executeAction {deCanvasZoomOutAtPoint} -in [gi::getWindows 3]
[16:44:26.37] /i de::zoom -window [gi::getWindows 3] -factor [expr {1.0/[db::getPrefValue deCanvasMouseZoomFactor]}] -center {8.84375 7.2}
[16:44:26.39] /# gi::executeAction {deCanvasZoomOutAtPoint} -in [gi::getWindows 3]
[16:44:26.39] /i de::zoom -window [gi::getWindows 3] -factor [expr {1.0/[db::getPrefValue deCanvasMouseZoomFactor]}] -center {8.84375 7.19375}
[16:44:26.64] /# gi::executeAction {deCanvasZoomInAtPoint} -in [gi::getWindows 3]
[16:44:26.64] /i de::zoom -window [gi::getWindows 3] -factor [db::getPrefValue deCanvasMouseZoomFactor] -center {8.84375 7.19375}
[16:44:26.68] /# gi::executeAction {deCanvasZoomInAtPoint} -in [gi::getWindows 3]
[16:44:26.68] /i de::zoom -window [gi::getWindows 3] -factor [db::getPrefValue deCanvasMouseZoomFactor] -center {8.84375 7.19375}
[16:44:26.70] /# gi::executeAction {deCanvasZoomInAtPoint} -in [gi::getWindows 3]
[16:44:26.70] /i de::zoom -window [gi::getWindows 3] -factor [db::getPrefValue deCanvasMouseZoomFactor] -center {8.84375 7.19375}
[16:44:26.74] /# gi::executeAction {deCanvasZoomInAtPoint} -in [gi::getWindows 3]
[16:44:26.74] /i de::zoom -window [gi::getWindows 3] -factor [db::getPrefValue deCanvasMouseZoomFactor] -center {8.84375 7.19375}
[16:44:26.80] /# gi::executeAction {deCanvasZoomInAtPoint} -in [gi::getWindows 3]
[16:44:26.80] /i de::zoom -window [gi::getWindows 3] -factor [db::getPrefValue deCanvasMouseZoomFactor] -center {8.84375 7.19375}
[16:44:26.81] /# gi::executeAction {deCanvasZoomInAtPoint} -in [gi::getWindows 3]
[16:44:26.81] /i de::zoom -window [gi::getWindows 3] -factor [db::getPrefValue deCanvasMouseZoomFactor] -center {8.84375 7.19375}
[16:44:27.60] /# gi::executeAction {deCanvasZoomOutAtPoint} -in [gi::getWindows 3]
[16:44:27.60] /i de::zoom -window [gi::getWindows 3] -factor [expr {1.0/[db::getPrefValue deCanvasMouseZoomFactor]}] -center {8.84375 7.19375}
[16:44:28.32] /# gi::executeAction {deCanvasZoomOutAtPoint} -in [gi::getWindows 3]
[16:44:28.32] /i de::zoom -window [gi::getWindows 3] -factor [expr {1.0/[db::getPrefValue deCanvasMouseZoomFactor]}] -center {8.84375 7.19375}
[16:44:28.92] /# gi::executeAction {deCanvasZoomOutAtPoint} -in [gi::getWindows 3]
[16:44:28.92] /i de::zoom -window [gi::getWindows 3] -factor [expr {1.0/[db::getPrefValue deCanvasMouseZoomFactor]}] -center {8.84375 7.19375}
[16:44:35.38] /# gi::executeAction {deCanvasZoomOutAtPoint} -in [gi::getWindows 3]
[16:44:35.38] /i de::zoom -window [gi::getWindows 3] -factor [expr {1.0/[db::getPrefValue deCanvasMouseZoomFactor]}] -center {12.2875 3.78125}
[16:44:35.59] /# gi::executeAction {deCanvasZoomOutAtPoint} -in [gi::getWindows 3]
[16:44:35.59] /i de::zoom -window [gi::getWindows 3] -factor [expr {1.0/[db::getPrefValue deCanvasMouseZoomFactor]}] -center {12.29375 3.775}
[16:44:36.02] /# gi::executeAction {deCanvasZoomOutAtPoint} -in [gi::getWindows 3]
[16:44:36.02] /i de::zoom -window [gi::getWindows 3] -factor [expr {1.0/[db::getPrefValue deCanvasMouseZoomFactor]}] -center {12.2875 3.78125}
[16:44:36.74] /# gi::executeAction {deCanvasZoomInAtPoint} -in [gi::getWindows 3]
[16:44:36.74] /i de::zoom -window [gi::getWindows 3] -factor [db::getPrefValue deCanvasMouseZoomFactor] -center {12.29375 3.775}
[16:44:36.75] /# gi::executeAction {deCanvasZoomInAtPoint} -in [gi::getWindows 3]
[16:44:36.75] /i de::zoom -window [gi::getWindows 3] -factor [db::getPrefValue deCanvasMouseZoomFactor] -center {12.29375 3.775}
[16:44:36.78] /# gi::executeAction {deCanvasZoomInAtPoint} -in [gi::getWindows 3]
[16:44:36.78] /i de::zoom -window [gi::getWindows 3] -factor [db::getPrefValue deCanvasMouseZoomFactor] -center {12.29375 3.775}
[16:44:36.85] /# gi::executeAction {deCanvasZoomInAtPoint} -in [gi::getWindows 3]
[16:44:36.85] /i de::zoom -window [gi::getWindows 3] -factor [db::getPrefValue deCanvasMouseZoomFactor] -center {12.29375 3.775}
[16:44:36.87] /# gi::executeAction {deCanvasZoomInAtPoint} -in [gi::getWindows 3]
[16:44:36.87] /i de::zoom -window [gi::getWindows 3] -factor [db::getPrefValue deCanvasMouseZoomFactor] -center {12.29375 3.775}
[16:44:36.91] /# gi::executeAction {deCanvasZoomInAtPoint} -in [gi::getWindows 3]
[16:44:36.91] /i de::zoom -window [gi::getWindows 3] -factor [db::getPrefValue deCanvasMouseZoomFactor] -center {12.29375 3.775}
[16:44:36.95] /# gi::executeAction {deCanvasZoomInAtPoint} -in [gi::getWindows 3]
[16:44:36.95] /i de::zoom -window [gi::getWindows 3] -factor [db::getPrefValue deCanvasMouseZoomFactor] -center {12.29375 3.775}
[16:44:37.07] /# gi::executeAction {deCanvasZoomInAtPoint} -in [gi::getWindows 3]
[16:44:37.07] /i de::zoom -window [gi::getWindows 3] -factor [db::getPrefValue deCanvasMouseZoomFactor] -center {12.29375 3.775}
[16:44:37.17] /# gi::executeAction {deCanvasZoomInAtPoint} -in [gi::getWindows 3]
[16:44:37.17] /i de::zoom -window [gi::getWindows 3] -factor [db::getPrefValue deCanvasMouseZoomFactor] -center {12.29375 3.775}
[16:44:37.20] /# gi::executeAction {deCanvasZoomInAtPoint} -in [gi::getWindows 3]
[16:44:37.20] /i de::zoom -window [gi::getWindows 3] -factor [db::getPrefValue deCanvasMouseZoomFactor] -center {12.29375 3.775}
[16:44:37.49] /# gi::executeAction {deCanvasZoomOutAtPoint} -in [gi::getWindows 3]
[16:44:37.49] /i de::zoom -window [gi::getWindows 3] -factor [expr {1.0/[db::getPrefValue deCanvasMouseZoomFactor]}] -center {12.29375 3.775}
[16:44:37.55] /# gi::executeAction {deCanvasZoomOutAtPoint} -in [gi::getWindows 3]
[16:44:37.55] /i de::zoom -window [gi::getWindows 3] -factor [expr {1.0/[db::getPrefValue deCanvasMouseZoomFactor]}] -center {12.29375 3.775}
[16:44:37.57] /# gi::executeAction {deCanvasZoomOutAtPoint} -in [gi::getWindows 3]
[16:44:37.57] /i de::zoom -window [gi::getWindows 3] -factor [expr {1.0/[db::getPrefValue deCanvasMouseZoomFactor]}] -center {12.29375 3.775}
[16:44:37.88] /# gi::executeAction {deCanvasZoomOutAtPoint} -in [gi::getWindows 3]
[16:44:37.88] /i de::zoom -window [gi::getWindows 3] -factor [expr {1.0/[db::getPrefValue deCanvasMouseZoomFactor]}] -center {12.29375 3.775}
[16:44:41.08] /# gi::executeAction {deCanvasZoomOutAtPoint} -in [gi::getWindows 3]
[16:44:41.09] /i de::zoom -window [gi::getWindows 3] -factor [expr {1.0/[db::getPrefValue deCanvasMouseZoomFactor]}] -center {12.29375 3.775}
[16:44:47.40] /# gi::executeAction {deCanvasZoomOutAtPoint} -in [gi::getWindows 3]
[16:44:47.40] /i de::zoom -window [gi::getWindows 3] -factor [expr {1.0/[db::getPrefValue deCanvasMouseZoomFactor]}] -center {12.29375 3.775}
[16:44:47.52] /# gi::executeAction {deCanvasZoomOutAtPoint} -in [gi::getWindows 3]
[16:44:47.52] /i de::zoom -window [gi::getWindows 3] -factor [expr {1.0/[db::getPrefValue deCanvasMouseZoomFactor]}] -center {12.29375 3.775}
[16:44:57.50] /i db::setAttr geometry -of [gi::getFrames 3] -value 1430x756+411+194
[16:44:58.38] /i gi::setActiveWindow 2
[16:44:58.38] /i gi::setActiveWindow 2 -raise true
[16:44:59.95] /# gi::executeAction {deSelectActive} -in [gi::getWindows 2]
[16:44:59.95] /i de::deselectAll [db::getNext [de::getContexts -window 2]]
[16:44:59.95] /i de::select [de::getActiveFigure [gi::getWindows 2] -point {2.46875 1.5875} -index 0 -intent none]
[16:44:59.96] /o oa:0x4314aeb0
[16:45:03.31] /# gi::executeAction {deSelectActive} -in [gi::getWindows 2]
[16:45:03.31] /i de::deselectAll [db::getNext [de::getContexts -window 2]]
[16:45:03.31] /i de::select [de::getActiveFigure [gi::getWindows 2] -point {2.49375 1.48125} -index 0 -intent none]
[16:45:03.31] /o oa:0x45256e80
[16:45:03.93] /# gi::executeAction {giPostContextMenu} -in [gi::getWindows 2]
[16:45:03.94] /i gi::executeAction {menuPreShow} -in [gi::getWindows 2]
[16:45:03.94] /r giMenuAccess db::getNext [gi::getMenus seSchInstanceContextMenu]
[16:45:07.85] /# gi::executeAction {deSelectActive} -in [gi::getWindows 2]
[16:45:07.85] /i de::deselectAll [db::getNext [de::getContexts -window 2]]
[16:45:07.85] /i de::select [de::getActiveFigure [gi::getWindows 2] -point {2.4875 1.23125} -index 0 -intent none]
[16:45:07.86] /o oa:0x45269f40
[16:45:08.47] /# gi::executeAction {giPostContextMenu} -in [gi::getWindows 2]
[16:45:08.47] /i gi::executeAction {menuPreShow} -in [gi::getWindows 2]
[16:45:08.47] /r giMenuAccess db::getNext [gi::getMenus seSchInstLabelContextMenu]
[16:45:09.87] /# gi::executeAction {deEditCanvasText} -in [gi::getWindows 2]
[16:45:09.87] /i ide::editCanvasText -object [de::getActiveFigure [gi::getWindows 2] -point {2.4875 1.23125} -index 0 -intent none]
[16:45:25.56] /i de::commandOption {0.36um}
[16:45:26.64] /# gi::executeAction {deSelectActive} -in [gi::getWindows 2]
[16:45:26.64] /i de::deselectAll [db::getNext [de::getContexts -window 2]]
[16:45:26.64] /i de::select [de::getActiveFigure [gi::getWindows 2] -point {2.5375 1.20625} -index 0 -intent none]
[16:45:26.64] /o oa:0x4527bf10
[16:45:26.84] /# gi::executeAction {deEditCanvasText} -in [gi::getWindows 2]
[16:45:26.84] /i ide::editCanvasText -object [de::getActiveFigure [gi::getWindows 2] -point {2.5375 1.20625} -index 0 -intent none]
[16:45:34.35] /i de::commandOption {0.18um}
[16:45:34.74] /# gi::executeAction {deSelectActive} -in [gi::getWindows 2]
[16:45:34.74] /i de::deselectAll [db::getNext [de::getContexts -window 2]]
[16:45:34.74] /i de::select [de::getActiveFigure [gi::getWindows 2] -point {2.54375 1.65625} -index 0 -intent none]
[16:45:34.74] /o oa:0x44f8ce90
[16:45:36.77] /# gi::executeAction {deSelectActive} -in [gi::getWindows 2]
[16:45:36.77] /i de::deselectAll [db::getNext [de::getContexts -window 2]]
[16:45:36.77] /i de::deselectAllLogic -context [de::getContexts -filter {%editDesign==[db::getAttr editDesign -of [db::getNext [de::getContexts -window 2]]]}]
[16:45:36.99] /# gi::executeAction {deSelectActive} -in [gi::getWindows 2]
[16:45:36.99] /i de::deselectAllLogic -context [de::getContexts -filter {%editDesign==[db::getAttr editDesign -of [db::getNext [de::getContexts -window 2]]]}]
[16:45:38.14] /# gi::executeAction {seCreateInst} -in [gi::getWindows 2]
[16:45:38.14] /i ise::createInst
[16:45:38.21] /i gi::setField {parametersExpand} -value {false} -in [gi::getDialogs {seCreateInst} -parent [gi::getWindows 2]]
[16:45:38.21] /i gi::setField {parametersExpand} -value {true} -in [gi::getDialogs {seCreateInst} -parent [gi::getWindows 2]]
[16:45:38.28] /i gi::setActiveDialog [gi::getDialogs {seCreateInst} -parent [gi::getWindows 2]]
[16:45:38.59] /i db::setAttr geometry -of [gi::getDialogs {seCreateInst} -parent [gi::getWindows 2]] -value 472x444+0+64
[16:45:40.59] /i db::setAttr geometry -of [gi::getDialogs {seCreateInst} -parent [gi::getWindows 2]] -value 472x444+433+263
[16:45:41.50] /i db::setAttr geometry -of [gi::getDialogs {seCreateInst} -parent [gi::getWindows 2]] -value 472x444+613+326
[16:45:47.42] /i gi::setField {parametersExpand} -value {false} -in [gi::getDialogs {seCreateInst} -parent [gi::getWindows 2]]
[16:45:47.42] /i gi::setField {parametersExpand} -value {true} -in [gi::getDialogs {seCreateInst} -parent [gi::getWindows 2]]
[16:45:47.42] /i gi::setField {instMasterLib} -value {analogLib} -in [gi::getDialogs {seCreateInst} -parent [gi::getWindows 2]]
[16:45:47.70] /i db::setAttr geometry -of [gi::getDialogs {seCreateInst} -parent [gi::getWindows 2]] -value 472x444+613+326
[16:46:24.43] /i de::abortCommand
[16:46:28.91] /# gi::executeAction {deSelectActive} -in [gi::getWindows 2]
[16:46:28.91] /i de::deselectAll [db::getNext [de::getContexts -window 2]]
[16:46:28.91] /i de::select [de::getActiveFigure [gi::getWindows 2] -point {3 1.65625} -index 0 -intent none]
[16:46:28.91] /o oa:0x4500ae70
[16:46:29.11] /# gi::executeAction {deEditCanvasText} -in [gi::getWindows 2]
[16:46:29.12] /i ide::editCanvasText -object [de::getActiveFigure [gi::getWindows 2] -point {3 1.65625} -index 0 -intent none]
[16:46:34.65] /i de::commandOption {2.88um}
[16:46:36.56] /# gi::executeAction {deSelectActive} -in [gi::getWindows 2]
[16:46:36.56] /i de::deselectAll [db::getNext [de::getContexts -window 2]]
[16:46:36.56] /i de::select [de::getActiveFigure [gi::getWindows 2] -point {2.98125 1.5625} -index 0 -intent none]
[16:46:36.57] /o oa:0x4516d1b0
[16:46:36.78] /# gi::executeAction {deEditCanvasText} -in [gi::getWindows 2]
[16:46:36.79] /i ide::editCanvasText -object [de::getActiveFigure [gi::getWindows 2] -point {2.98125 1.5625} -index 0 -intent none]
[16:46:40.61] /i de::commandOption {0.18um}
[16:46:44.91] /# gi::executeAction {deSelectActive} -in [gi::getWindows 2]
[16:46:44.91] /i de::deselectAll [db::getNext [de::getContexts -window 2]]
[16:46:44.91] /i de::select [de::getActiveFigure [gi::getWindows 2] -point {2.49375 1.575} -index 0 -intent none]
[16:46:44.91] /o oa:0x44f252c0
[16:46:45.14] /# gi::executeAction {deEditCanvasText} -in [gi::getWindows 2]
[16:46:45.14] /i ide::editCanvasText -object [de::getActiveFigure [gi::getWindows 2] -point {2.49375 1.575} -index 0 -intent none]
[16:46:47.97] /i de::commandOption {0.18um}
[16:46:55.34] /# gi::executeAction {seButton1DragStart} -in [gi::getWindows 2]
[16:46:55.34] /i ise::stretch -object [de::getActiveFigure [gi::getWindows 2] -point {3.30625 1.4375} -index 0 -intent none] -point {3.3125 1.4375}
[16:46:56.35] /# gi::executeAction {deEndDrag} -in [gi::getWindows 2]
[16:46:56.36] /i de::endDrag {3.8625 1.43125} -context [db::getNext [de::getContexts -window 2]]
[16:46:56.72] /# gi::executeAction {deSelectActive} -in [gi::getWindows 2]
[16:46:56.72] /i de::deselectAll [db::getNext [de::getContexts -window 2]]
[16:46:56.72] /i de::select [de::getActiveFigure [gi::getWindows 2] -point {3.8625 1.43125} -index 0 -intent none]
[16:46:56.73] /o oa:0x44b779c0
[16:46:58.97] /# gi::executeAction {deSelectActive} -in [gi::getWindows 2]
[16:46:58.97] /i de::deselectAll [db::getNext [de::getContexts -window 2]]
[16:46:58.97] /i de::select [de::getActiveFigure [gi::getWindows 2] -point {3.84375 1.50625} -index 0 -intent none]
[16:46:58.97] /o oa:0x4500f380
[16:46:59.19] /# gi::executeAction {deEditCanvasText} -in [gi::getWindows 2]
[16:46:59.19] /i ide::editCanvasText -object [de::getActiveFigure [gi::getWindows 2] -point {3.84375 1.50625} -index 0 -intent none]
[16:47:02.36] /i de::commandOption {CN}
[16:47:02.73] /# gi::executeAction {deSelectActive} -in [gi::getWindows 2]
[16:47:02.73] /i de::deselectAll [db::getNext [de::getContexts -window 2]]
[16:47:02.73] /i de::select [de::getActiveFigure [gi::getWindows 2] -point {2.76875 1.50625} -index 0 -intent none]
[16:47:02.73] /o oa:0x42db44a0
[16:47:04.25] /# gi::executeAction {deSelectActive} -in [gi::getWindows 2]
[16:47:04.25] /i de::deselectAll [db::getNext [de::getContexts -window 2]]
[16:47:04.26] /i de::deselectAllLogic -context [de::getContexts -filter {%editDesign==[db::getAttr editDesign -of [db::getNext [de::getContexts -window 2]]]}]
[16:47:16.13] /# gi::executeAction {deSelectActive} -in [gi::getWindows 2]
[16:47:16.13] /i de::deselectAll [db::getNext [de::getContexts -window 2]]
[16:47:16.13] /i de::select [de::getActiveFigure [gi::getWindows 2] -point {2.9875 1.41875} -index 0 -intent none]
[16:47:16.13] /o oa:0x4309bcc0
[16:47:17.32] /i gi::executeAction {deCanvasDragSelect} -in [gi::getWindows 2]
[16:47:17.32] /r deCanvasDragStart 3.225 1.16875
[16:47:17.84] /# gi::executeAction {deCanvasDragEnd} -in [gi::getWindows 2]
[16:47:17.84] /i gi::executeAction deCanvasDragEnd -in [gi::getWindows 2]
[16:47:17.84] /r deCanvasDragEnd 2.89375 1.725
[16:47:19.20] /i gi::executeAction {deCanvasDragSelect} -in [gi::getWindows 2]
[16:47:19.20] /r deCanvasDragStart 2.75625 1.8875
[16:47:19.92] /# gi::executeAction {deCanvasDragEnd} -in [gi::getWindows 2]
[16:47:19.92] /i gi::executeAction deCanvasDragEnd -in [gi::getWindows 2]
[16:47:19.93] /r deCanvasDragEnd 3.325 1.05625
[16:47:20.91] /# gi::executeAction {seCopyClipboard} -in [gi::getWindows 2]
[16:47:20.91] /i ise::copyToClipboard [db::getNext [de::getContexts -window 2]] -log explicit
[16:47:20.93] /i de::copy [de::getSelected -design [ed]] -anchor {3.0625 1.4375} -selectResult true 
[16:47:20.94] /i gi::executeAction deObjectActivation -in [gi::getWindows 2]
[16:47:21.31] /# gi::executeAction {sePaste} -in [gi::getWindows 2]
[16:47:21.31] /i ise::paste
[16:47:21.59] /i gi::executeAction deObjectActivation -in [gi::getWindows 2]
[16:47:22.31] /# gi::executeAction {deAddPoint} -in [gi::getWindows 2]
[16:47:22.31] /i de::addPoint {4.04375 0.9125} -context [db::getNext [de::getContexts -window 2]]
[16:47:23.87] /# gi::executeAction {deAddPoint} -in [gi::getWindows 2]
[16:47:23.87] /i de::addPoint {5.0875 1.85625} -context [db::getNext [de::getContexts -window 2]]
[16:47:25.98] /# gi::executeAction {deAbortCommand} -in [gi::getWindows 2]
[16:47:25.98] /i de::abortCommand -context [db::getNext [de::getContexts -window 2]]
[16:47:27.32] /# gi::executeAction {deSelectActive} -in [gi::getWindows 2]
[16:47:27.32] /i de::deselectAll [db::getNext [de::getContexts -window 2]]
[16:47:27.32] /i de::select [de::getActiveFigure [gi::getWindows 2] -point {3.9625 0.925} -index 0 -intent none]
[16:47:27.32] /o oa:0x453e6090
[16:47:28.13] /# gi::executeAction {seButton1DragStart} -in [gi::getWindows 2]
[16:47:28.13] /i ise::stretch -point {3.9375 0.9375}
[16:47:28.63] /# gi::executeAction {deEndDrag} -in [gi::getWindows 2]
[16:47:28.63] /i de::endDrag {3.88125 0.75625} -context [db::getNext [de::getContexts -window 2]]
[16:47:31.16] /i gi::executeAction {deCanvasDragSelect} -in [gi::getWindows 2]
[16:47:31.16] /r deCanvasDragStart 5.7375 0.46875
[16:47:31.91] /# gi::executeAction {deCanvasDragEnd} -in [gi::getWindows 2]
[16:47:31.91] /i gi::executeAction deCanvasDragEnd -in [gi::getWindows 2]
[16:47:31.91] /r deCanvasDragEnd 5.41875 2.3375
[16:47:33.09] /# gi::executeAction {seButton1DragStart} -in [gi::getWindows 2]
[16:47:33.09] /i ise::stretch -point {5.625 1.5}
[16:47:34.22] /# gi::executeAction {deEndDrag} -in [gi::getWindows 2]
[16:47:34.22] /i de::endDrag {5.94375 1.46875} -context [db::getNext [de::getContexts -window 2]]
[16:47:34.87] /# gi::executeAction {deUndo} -in [gi::getWindows 2]
[16:47:34.87] /i de::undoTransaction -design [db::getAttr editDesign -of [db::getNext [de::getContexts -window 2]]]
[16:47:36.88] /i gi::executeAction {deCanvasDragSelect} -in [gi::getWindows 2]
[16:47:36.88] /r deCanvasDragStart 5.3 2.26875
[16:47:38.27] /# gi::executeAction {deCanvasDragEnd} -in [gi::getWindows 2]
[16:47:38.27] /i gi::executeAction deCanvasDragEnd -in [gi::getWindows 2]
[16:47:38.27] /r deCanvasDragEnd 5.76875 0.5375
[16:47:39.29] /# gi::executeAction {seButton1DragStart} -in [gi::getWindows 2]
[16:47:39.30] /i ise::stretch -point {5.5625 1.4375}
[16:47:40.97] /# gi::executeAction {deEndDrag} -in [gi::getWindows 2]
[16:47:40.97] /i de::endDrag {6.125 1.4375} -context [db::getNext [de::getContexts -window 2]]
[16:47:46.91] /i gi::executeAction {deCanvasDragSelect} -in [gi::getWindows 2]
[16:47:46.91] /r deCanvasDragStart 4.59375 1.60625
[16:47:48.13] /# gi::executeAction {deCanvasDragEnd} -in [gi::getWindows 2]
[16:47:48.13] /i gi::executeAction deCanvasDragEnd -in [gi::getWindows 2]
[16:47:48.14] /r deCanvasDragEnd 5.075 0.2875
[16:47:49.28] /# gi::executeAction {seButton1DragStart} -in [gi::getWindows 2]
[16:47:49.28] /i ise::stretch -point {4.875 0.875}
[16:47:53.54] /# gi::executeAction {deEndDrag} -in [gi::getWindows 2]
[16:47:53.54] /i de::endDrag {5.125 0.55625} -context [db::getNext [de::getContexts -window 2]]
[16:47:56.87] /# gi::executeAction {seButton1DragStart} -in [gi::getWindows 2]
[16:47:56.87] /i ise::stretch -object [de::getActiveFigure [gi::getWindows 2] -point {4.975 1.8375} -index 0 -intent none] -point {5 1.8125}
[16:48:00.61] /# gi::executeAction {deEndDrag} -in [gi::getWindows 2]
[16:48:00.61] /i de::endDrag {4.575 1.05625} -context [db::getNext [de::getContexts -window 2]]
[16:48:02.34] /# gi::executeAction {deSelectActive} -in [gi::getWindows 2]
[16:48:02.34] /i de::deselectAll [db::getNext [de::getContexts -window 2]]
[16:48:02.34] /i de::select [de::getActiveFigure [gi::getWindows 2] -point {4.39375 1.24375} -index 0 -intent none]
[16:48:02.34] /o oa:0x4500aef0
[16:48:02.62] /# gi::executeAction {seSchCreateWire} -in [gi::getWindows 2]
[16:48:02.62] /i ise::createWire
[16:48:04.36] /# gi::executeAction {deAddPoint} -in [gi::getWindows 2]
[16:48:04.36] /i de::addPoint {4.44375 1.1} -context [db::getNext [de::getContexts -window 2]]
[16:48:04.58] /# gi::executeAction {deStartDrag} -in [gi::getWindows 2]
[16:48:04.58] /i de::startDrag {4.44375 1.1} -context [db::getNext [de::getContexts -window 2]]
[16:48:04.61] /i de::setCursor -point {4.4375 1.1875 }
[16:48:05.34] /# gi::executeAction {deEndDrag} -in [gi::getWindows 2]
[16:48:05.34] /i de::endDrag {4.375 1.25625} -context [db::getNext [de::getContexts -window 2]]
[16:48:05.71] /# gi::executeAction {deAddPoint} -in [gi::getWindows 2]
[16:48:05.71] /i de::addPoint {4.375 1.25625} -context [db::getNext [de::getContexts -window 2]]
[16:48:06.05] /i de::setCursor -point {4.5 1.25 }
[16:48:07.20] /# gi::executeAction {deAbortCommand} -in [gi::getWindows 2]
[16:48:07.20] /i de::abortCommand -context [db::getNext [de::getContexts -window 2]]
[16:48:08.20] /# gi::executeAction {seSchCreateWire} -in [gi::getWindows 2]
[16:48:08.20] /i ise::createWire
[16:48:09.98] /# gi::executeAction {deAddPoint} -in [gi::getWindows 2]
[16:48:09.98] /i de::addPoint {4.89375 1.13125} -context [db::getNext [de::getContexts -window 2]]
[16:48:10.74] /i de::setCursor -point {4.8125 1.125 }
[16:48:11.52] /# gi::executeAction {deAddPoint} -in [gi::getWindows 2]
[16:48:11.52] /i de::addPoint {4.75625 1.125} -context [db::getNext [de::getContexts -window 2]]
[16:48:11.75] /i de::select [se::getNetComponents [de::getActiveFigure [gi::getWindows 2] -point {4.75625 1.125} -index 0 -intent none] -of branch]
[16:48:11.75] /e Error: Specified object is not a wiring object (TCL)
[16:48:13.27] /# gi::executeAction {deAbortCommand} -in [gi::getWindows 2]
[16:48:13.27] /i de::abortCommand -context [db::getNext [de::getContexts -window 2]]
[16:48:19.33] /# gi::executeAction {deSelectActive} -in [gi::getWindows 2]
[16:48:19.33] /i de::deselectAll [db::getNext [de::getContexts -window 2]]
[16:48:19.33] /i de::select [de::getActiveFigure [gi::getWindows 2] -point {5.13125 1.1} -index 0 -intent none]
[16:48:19.33] /o oa:0x44eda930
[16:48:20.26] /# gi::executeAction {seDelete} -in [gi::getWindows 2]
[16:48:20.27] /i ise::delete
[16:48:25.34] /# gi::executeAction {deSelectActive} -in [gi::getWindows 2]
[16:48:25.34] /i de::deselectAll [db::getNext [de::getContexts -window 2]]
[16:48:25.34] /i de::select [de::getActiveFigure [gi::getWindows 2] -point {5.28125 0.775} -index 0 -intent none]
[16:48:25.34] /o oa:0x43ef6f70
[16:48:25.56] /# gi::executeAction {deEditCanvasText} -in [gi::getWindows 2]
[16:48:25.56] /i ide::editCanvasText -object [de::getActiveFigure [gi::getWindows 2] -point {5.28125 0.775} -index 0 -intent none]
[16:48:29.47] /i de::commandOption {ipf}
[16:48:31.15] /# gi::executeAction {deSelectActive} -in [gi::getWindows 2]
[16:48:31.15] /i de::deselectAll [db::getNext [de::getContexts -window 2]]
[16:48:31.15] /i de::select [de::getActiveFigure [gi::getWindows 2] -point {5.06875 0.63125} -index 0 -intent none]
[16:48:31.15] /o oa:0x43e55010
[16:48:33.47] /# gi::executeAction {deSelectActive} -in [gi::getWindows 2]
[16:48:33.47] /i de::deselectAll [db::getNext [de::getContexts -window 2]]
[16:48:33.47] /i de::select [de::getActiveFigure [gi::getWindows 2] -point {5.28125 0.75625} -index 0 -intent none]
[16:48:33.47] /o oa:0x456e5070
[16:48:33.70] /# gi::executeAction {deEditCanvasText} -in [gi::getWindows 2]
[16:48:33.70] /i ide::editCanvasText -object [de::getActiveFigure [gi::getWindows 2] -point {5.28125 0.75625} -index 0 -intent none]
[16:48:36.80] /i de::commandOption {1pf}
[16:48:38.28] /# gi::executeAction {deSelectActive} -in [gi::getWindows 2]
[16:48:38.28] /i de::deselectAll [db::getNext [de::getContexts -window 2]]
[16:48:38.28] /i de::select [de::getActiveFigure [gi::getWindows 2] -point {5.0875 0.65625} -index 0 -intent none]
[16:48:38.29] /o oa:0x44feb960
[16:48:38.49] /i ::se::internal::descendInst 2 [de::getActiveFigure [gi::getWindows 2] -point {5.0875 0.65625} -index 0 -intent none] auto
[16:48:38.51] /# ide::descend 2 -inPlace false -readOnly auto
[16:48:38.60] /r giDialog gi::setActiveDialog [gi::getDialogs {deDescendFailed} -parent [gi::getWindows 2]]
[16:48:38.90] /r giDialog db::setAttr geometry -of [gi::getDialogs {deDescendFailed} -parent [gi::getWindows 2]] -value 384x82+768+531
[16:48:40.11] /r giDialog gi::closeWindows [gi::getDialogs {deDescendFailed} -parent [gi::getWindows 2]]
[16:48:41.55] /# gi::executeAction {deSelectActive} -in [gi::getWindows 2]
[16:48:41.55] /i de::cycleActiveFigure [gi::getWindows 2] -direction next
[16:48:41.55] /o oa:0x30a68bc0
[16:48:41.92] /# gi::executeAction {giPostContextMenu} -in [gi::getWindows 2]
[16:48:41.92] /i gi::executeAction {menuPreShow} -in [gi::getWindows 2]
[16:48:41.92] /r giMenuAccess db::getNext [gi::getMenus seSchInstanceContextMenu]
[16:49:19.65] /# gi::executeAction {deSelectActive} -in [gi::getWindows 2]
[16:49:19.65] /i de::deselectAll [db::getNext [de::getContexts -window 2]]
[16:49:19.65] /i de::deselectAllLogic -context [de::getContexts -filter {%editDesign==[db::getAttr editDesign -of [db::getNext [de::getContexts -window 2]]]}]
[16:49:19.88] /# gi::executeAction {deSelectActive} -in [gi::getWindows 2]
[16:49:19.88] /i de::deselectAllLogic -context [de::getContexts -filter {%editDesign==[db::getAttr editDesign -of [db::getNext [de::getContexts -window 2]]]}]
[16:49:21.16] /# gi::executeAction {seCreateInst} -in [gi::getWindows 2]
[16:49:21.16] /i ise::createInst
[16:49:21.29] /i gi::setField {parametersExpand} -value {false} -in [gi::getDialogs {seCreateInst} -parent [gi::getWindows 2]]
[16:49:21.29] /i gi::setField {parametersExpand} -value {true} -in [gi::getDialogs {seCreateInst} -parent [gi::getWindows 2]]
[16:49:21.35] /i gi::setActiveDialog [gi::getDialogs {seCreateInst} -parent [gi::getWindows 2]]
[16:49:21.60] /i db::setAttr geometry -of [gi::getDialogs {seCreateInst} -parent [gi::getWindows 2]] -value 472x444+613+289
[16:49:31.16] /i gi::setField {parametersExpand} -value {false} -in [gi::getDialogs {seCreateInst} -parent [gi::getWindows 2]]
[16:49:31.16] /i gi::setField {parametersExpand} -value {true} -in [gi::getDialogs {seCreateInst} -parent [gi::getWindows 2]]
[16:49:31.17] /i gi::setField {instMasterLib} -value {} -in [gi::getDialogs {seCreateInst} -parent [gi::getWindows 2]]
[16:49:31.50] /i db::setAttr geometry -of [gi::getDialogs {seCreateInst} -parent [gi::getWindows 2]] -value 472x444+613+289
[16:49:38.34] /i gi::setField {parametersExpand} -value {false} -in [gi::getDialogs {seCreateInst} -parent [gi::getWindows 2]]
[16:49:38.34] /i gi::setField {parametersExpand} -value {true} -in [gi::getDialogs {seCreateInst} -parent [gi::getWindows 2]]
[16:49:38.34] /i gi::setField {instMasterLib} -value {D_CELLS_HDLL} -in [gi::getDialogs {seCreateInst} -parent [gi::getWindows 2]]
[16:49:38.68] /i db::setAttr geometry -of [gi::getDialogs {seCreateInst} -parent [gi::getWindows 2]] -value 472x444+613+289
[16:49:43.16] /i gi::setField {parametersExpand} -value {false} -in [gi::getDialogs {seCreateInst} -parent [gi::getWindows 2]]
[16:49:43.16] /i gi::setField {parametersExpand} -value {true} -in [gi::getDialogs {seCreateInst} -parent [gi::getWindows 2]]
[16:49:43.16] /i gi::setField {instMasterCell} -value {DLLHDLLX1} -in [gi::getDialogs {seCreateInst} -parent [gi::getWindows 2]]
[16:49:43.47] /i db::setAttr geometry -of [gi::getDialogs {seCreateInst} -parent [gi::getWindows 2]] -value 472x444+613+289
[16:49:53.61] /i gi::setField {parametersExpand} -value {false} -in [gi::getDialogs {seCreateInst} -parent [gi::getWindows 2]]
[16:49:53.61] /i gi::setField {parametersExpand} -value {true} -in [gi::getDialogs {seCreateInst} -parent [gi::getWindows 2]]
[16:49:53.61] /i gi::setField {instMasterLib} -value {analogLib} -in [gi::getDialogs {seCreateInst} -parent [gi::getWindows 2]]
[16:49:53.92] /i db::setAttr geometry -of [gi::getDialogs {seCreateInst} -parent [gi::getWindows 2]] -value 472x444+613+289
[16:50:26.33] /i gi::setField {parametersExpand} -value {false} -in [gi::getDialogs {seCreateInst} -parent [gi::getWindows 2]]
[16:50:26.34] /i gi::setField {parametersExpand} -value {true} -in [gi::getDialogs {seCreateInst} -parent [gi::getWindows 2]]
[16:50:26.35] /i gi::setField {instMasterCell} -value {vpulse} -in [gi::getDialogs {seCreateInst} -parent [gi::getWindows 2]]
[16:50:26.63] /i db::setAttr geometry -of [gi::getDialogs {seCreateInst} -parent [gi::getWindows 2]] -value 472x525+613+289
[16:50:39.68] /i gi::setCurrentIndex {parameters} -index {vdc,Prompt} -in [gi::getDialogs {seCreateInst} -parent [gi::getWindows 2]]
[16:50:39.90] /i db::setAttr geometry -of [gi::getDialogs {seCreateInst} -parent [gi::getWindows 2]] -value 516x723+613+289
[16:50:48.36] /i gi::setItemSelection {parameters} -index {v1,all} -in [gi::getDialogs {seCreateInst} -parent [gi::getWindows 2]]
[16:50:48.36] /i gi::setCurrentIndex {parameters} -index {v1,Value} -in [gi::getDialogs {seCreateInst} -parent [gi::getWindows 2]]
[16:50:54.33] /i gi::setField {parameters} -value {1.8} -index {v1,Value} -in [gi::getDialogs {seCreateInst} -parent [gi::getWindows 2]]
[16:50:54.37] /i gi::setItemSelection {parameters} -index {v2,all} -in [gi::getDialogs {seCreateInst} -parent [gi::getWindows 2]]
[16:50:54.37] /i gi::setCurrentIndex {parameters} -index {v2,Value} -in [gi::getDialogs {seCreateInst} -parent [gi::getWindows 2]]
[16:51:04.43] /i gi::setItemSelection {parameters} -index {pw,all} -in [gi::getDialogs {seCreateInst} -parent [gi::getWindows 2]]
[16:51:04.43] /i gi::setCurrentIndex {parameters} -index {pw,Value} -in [gi::getDialogs {seCreateInst} -parent [gi::getWindows 2]]
[16:51:08.27] /i gi::setField {parameters} -value {2ns} -index {pw,Value} -in [gi::getDialogs {seCreateInst} -parent [gi::getWindows 2]]
[16:51:13.17] /i gi::setItemSelection {parameters} -index {per,all} -in [gi::getDialogs {seCreateInst} -parent [gi::getWindows 2]]
[16:51:13.17] /i gi::setCurrentIndex {parameters} -index {per,Value} -in [gi::getDialogs {seCreateInst} -parent [gi::getWindows 2]]
[16:51:16.67] /i gi::setField {parameters} -value {10ns} -index {per,Value} -in [gi::getDialogs {seCreateInst} -parent [gi::getWindows 2]]
[16:51:19.01] /# gi::executeAction {deAddPoint} -in [gi::getWindows 2]
[16:51:19.01] /i de::addPoint {5.31875 1.90625} -context [db::getNext [de::getContexts -window 2]]
[16:51:19.94] /# gi::executeAction {deAbortCommand} -in [gi::getWindows 2]
[16:51:19.94] /i de::abortCommand -context [db::getNext [de::getContexts -window 2]]
[16:51:21.60] /# gi::executeAction {seButton1DragStart} -in [gi::getWindows 2]
[16:51:21.60] /i ise::stretch -object [de::getActiveFigure [gi::getWindows 2] -point {5.34375 1.74375} -index 0 -intent none] -point {5.375 1.75}
[16:51:24.39] /# gi::executeAction {deEndDrag} -in [gi::getWindows 2]
[16:51:24.39] /i de::endDrag {3.3875 0.66875} -context [db::getNext [de::getContexts -window 2]]
[16:51:25.59] /# gi::executeAction {deSelectActive} -in [gi::getWindows 2]
[16:51:25.59] /i de::deselectAll [db::getNext [de::getContexts -window 2]]
[16:51:25.59] /i de::select [de::getActiveFigure [gi::getWindows 2] -point {3.3875 0.66875} -index 0 -intent none]
[16:51:25.59] /o oa:0x45de8730
[16:51:25.94] /# gi::executeAction {seCopyClipboard} -in [gi::getWindows 2]
[16:51:25.94] /i ise::copyToClipboard [db::getNext [de::getContexts -window 2]] -log explicit
[16:51:25.95] /i de::copy [de::getSelected -design [ed]] -anchor {3.3125 0.6875} -selectResult true 
[16:51:25.96] /i gi::executeAction deObjectActivation -in [gi::getWindows 2]
[16:51:26.80] /i gi::executeAction deObjectActivation -in [gi::getWindows 2]
[16:51:27.92] /i gi::executeAction deObjectActivation -in [gi::getWindows 2]
[16:51:28.16] /# gi::executeAction {seCopyClipboard} -in [gi::getWindows 2]
[16:51:28.16] /i ise::copyToClipboard [db::getNext [de::getContexts -window 2]] -log explicit
[16:51:28.51] /# gi::executeAction {sePaste} -in [gi::getWindows 2]
[16:51:28.51] /i ise::paste
[16:51:28.66] /i gi::executeAction deObjectActivation -in [gi::getWindows 2]
[16:51:32.26] /# gi::executeAction {deAddPoint} -in [gi::getWindows 2]
[16:51:32.26] /i de::addPoint {2.2625 0.7125} -context [db::getNext [de::getContexts -window 2]]
[16:51:34.25] /# gi::executeAction {deAbortCommand} -in [gi::getWindows 2]
[16:51:34.25] /i de::abortCommand -context [db::getNext [de::getContexts -window 2]]
[16:51:37.32] /# gi::executeAction {deSelectActive} -in [gi::getWindows 2]
[16:51:37.32] /i de::deselectAll [db::getNext [de::getContexts -window 2]]
[16:51:37.32] /i de::select [de::getActiveFigure [gi::getWindows 2] -point {3.31875 0.875} -index 0 -intent none]
[16:51:37.32] /o oa:0x43074fe0
[16:51:37.58] /# gi::executeAction {deSelectActive} -in [gi::getWindows 2]
[16:51:37.58] /i de::cycleActiveFigure [gi::getWindows 2] -direction next
[16:51:37.58] /o oa:0x45495e40
[16:51:37.58] /i de::deselectAll [db::getNext [de::getContexts -window 2]]
[16:51:37.58] /i de::select [de::getActiveFigure [gi::getWindows 2] -point {3.31875 0.875} -index 1 -intent none]
[16:51:37.58] /o oa:0x43824dd0
[16:51:37.60] /# gi::executeAction {seSchCreateWire} -in [gi::getWindows 2]
[16:51:37.60] /i ise::createWire
[16:51:39.76] /# gi::executeAction {deStartDrag} -in [gi::getWindows 2]
[16:51:39.76] /i de::startDrag {3.8625 1.24375} -context [db::getNext [de::getContexts -window 2]]
[16:51:39.77] /i de::setCursor -point {3.8125 1.25 }
[16:51:41.36] /# gi::executeAction {deEndDrag} -in [gi::getWindows 2]
[16:51:41.36] /i de::endDrag {3.31875 0.875} -context [db::getNext [de::getContexts -window 2]]
[16:51:41.74] /# gi::executeAction {deAddPoint} -in [gi::getWindows 2]
[16:51:41.74] /i de::addPoint {3.31875 0.875} -context [db::getNext [de::getContexts -window 2]]
[16:51:42.48] /# gi::executeAction {deAbortCommand} -in [gi::getWindows 2]
[16:51:42.48] /i de::abortCommand -context [db::getNext [de::getContexts -window 2]]
[16:51:43.35] /# gi::executeAction {seSchCreateWire} -in [gi::getWindows 2]
[16:51:43.35] /i ise::createWire
[16:51:46.33] /# gi::executeAction {deStartDrag} -in [gi::getWindows 2]
[16:51:46.33] /i de::startDrag {2.24375 0.8625} -context [db::getNext [de::getContexts -window 2]]
[16:51:46.37] /i de::setCursor -point {2.25 0.9375 }
[16:51:47.66] /# gi::executeAction {deEndDrag} -in [gi::getWindows 2]
[16:51:47.66] /i de::endDrag {2.36875 1.41875} -context [db::getNext [de::getContexts -window 2]]
[16:51:48.04] /# gi::executeAction {deAddPoint} -in [gi::getWindows 2]
[16:51:48.04] /i de::addPoint {2.36875 1.41875} -context [db::getNext [de::getContexts -window 2]]
[16:51:48.83] /i de::setCursor -point {2.4375 1.4375 }
[16:51:48.98] /i de::setCursor -point {2.4375 1.375 }
[16:51:49.09] /i de::setCursor -point {2.4375 1.3125 }
[16:51:50.37] /# gi::executeAction {deAbortCommand} -in [gi::getWindows 2]
[16:51:50.37] /i de::abortCommand -context [db::getNext [de::getContexts -window 2]]
[16:52:00.78] /# gi::executeAction {seButton1DragStart} -in [gi::getWindows 2]
[16:52:00.78] /i ise::stretch -object [de::getActiveFigure [gi::getWindows 2] -point {3.91875 0.78125} -index 0 -intent none] -point {3.9375 0.8125}
[16:52:02.34] /# gi::executeAction {deEndDrag} -in [gi::getWindows 2]
[16:52:02.34] /i de::endDrag {4.96875 1.51875} -context [db::getNext [de::getContexts -window 2]]
[16:52:03.85] /# gi::executeAction {deSelectActive} -in [gi::getWindows 2]
[16:52:03.85] /i de::deselectAll [db::getNext [de::getContexts -window 2]]
[16:52:03.85] /i de::select [de::getActiveFigure [gi::getWindows 2] -point {4.375 1.425} -index 0 -intent none]
[16:52:03.85] /o oa:0x44b0cfa0
[16:52:04.06] /# gi::executeAction {deSelectActive} -in [gi::getWindows 2]
[16:52:04.06] /i de::cycleActiveFigure [gi::getWindows 2] -direction next
[16:52:04.06] /o oa:0x455f0250
[16:52:04.06] /i de::deselectAll [db::getNext [de::getContexts -window 2]]
[16:52:04.06] /i de::select [de::getActiveFigure [gi::getWindows 2] -point {4.375 1.425} -index 1 -intent none]
[16:52:04.06] /o oa:0x45de7780
[16:52:04.11] /# gi::executeAction {seSchCreateWire} -in [gi::getWindows 2]
[16:52:04.11] /i ise::createWire
[16:52:06.29] /# gi::executeAction {deStartDrag} -in [gi::getWindows 2]
[16:52:06.29] /i de::startDrag {4.88125 1.4375} -context [db::getNext [de::getContexts -window 2]]
[16:52:06.32] /i de::setCursor -point {4.8125 1.4375 }
[16:52:07.13] /# gi::executeAction {deEndDrag} -in [gi::getWindows 2]
[16:52:07.13] /i de::endDrag {4.375 1.4125} -context [db::getNext [de::getContexts -window 2]]
[16:52:07.53] /# gi::executeAction {deAddPoint} -in [gi::getWindows 2]
[16:52:07.53] /i de::addPoint {4.375 1.4125} -context [db::getNext [de::getContexts -window 2]]
[16:52:09.22] /i de::setCursor -point {4.4375 1.375 }
[16:52:09.25] /i de::setCursor -point {4.5 1.25 }
[16:52:10.06] /# gi::executeAction {deAbortCommand} -in [gi::getWindows 2]
[16:52:10.06] /i de::abortCommand -context [db::getNext [de::getContexts -window 2]]
[16:52:11.42] /i gi::executeAction {deCanvasDragSelect} -in [gi::getWindows 2]
[16:52:11.42] /r deCanvasDragStart 4.86875 0.9125
[16:52:13.90] /# gi::executeAction {deCanvasDragEnd} -in [gi::getWindows 2]
[16:52:13.90] /i gi::executeAction deCanvasDragEnd -in [gi::getWindows 2]
[16:52:13.90] /r deCanvasDragEnd 5.36875 0.10625
[16:52:15.91] /i gi::executeAction {deCanvasDragSelect} -in [gi::getWindows 2]
[16:52:15.92] /r deCanvasDragStart 4.825 0.9375
[16:52:16.88] /# gi::executeAction {deCanvasDragEnd} -in [gi::getWindows 2]
[16:52:16.89] /i gi::executeAction deCanvasDragEnd -in [gi::getWindows 2]
[16:52:16.89] /r deCanvasDragEnd 5.28125 0.1125
[16:52:18.78] /i gi::executeAction {deCanvasDragSelect} -in [gi::getWindows 2]
[16:52:18.78] /r deCanvasDragStart 4.81875 0.89375
[16:52:20.03] /# gi::executeAction {deCanvasDragEnd} -in [gi::getWindows 2]
[16:52:20.03] /i gi::executeAction deCanvasDragEnd -in [gi::getWindows 2]
[16:52:20.03] /r deCanvasDragEnd 5.33125 -0.0375
[16:52:21.12] /# gi::executeAction {seCopyClipboard} -in [gi::getWindows 2]
[16:52:21.12] /i ise::copyToClipboard [db::getNext [de::getContexts -window 2]] -log explicit
[16:52:21.13] /i de::copy [de::getSelected -design [ed]] -anchor {5.0625 0.4375} -selectResult true 
[16:52:21.14] /i gi::executeAction deObjectActivation -in [gi::getWindows 2]
[16:52:22.07] /# gi::executeAction {sePaste} -in [gi::getWindows 2]
[16:52:22.07] /i ise::paste
[16:52:22.33] /i gi::executeAction deObjectActivation -in [gi::getWindows 2]
[16:52:25.96] /# gi::executeAction {deAddPoint} -in [gi::getWindows 2]
[16:52:25.96] /i de::addPoint {5.6625 0.5875} -context [db::getNext [de::getContexts -window 2]]
[16:52:26.55] /# gi::executeAction {deAbortCommand} -in [gi::getWindows 2]
[16:52:26.55] /i de::abortCommand -context [db::getNext [de::getContexts -window 2]]
[16:52:27.70] /# gi::executeAction {seSchCreateWire} -in [gi::getWindows 2]
[16:52:27.70] /i ise::createWire
[16:52:29.74] /# gi::executeAction {deStartDrag} -in [gi::getWindows 2]
[16:52:29.74] /i de::startDrag {5.20625 1.4375} -context [db::getNext [de::getContexts -window 2]]
[16:52:29.76] /i de::setCursor -point {5.25 1.4375 }
[16:52:31.24] /# gi::executeAction {deEndDrag} -in [gi::getWindows 2]
[16:52:31.24] /i de::endDrag {5.7 0.9375} -context [db::getNext [de::getContexts -window 2]]
[16:52:31.64] /# gi::executeAction {deAddPoint} -in [gi::getWindows 2]
[16:52:31.64] /i de::addPoint {5.7 0.9375} -context [db::getNext [de::getContexts -window 2]]
[16:52:32.14] /i de::setCursor -point {5.6875 1 }
[16:52:32.53] /# gi::executeAction {deAbortCommand} -in [gi::getWindows 2]
[16:52:32.53] /i de::abortCommand -context [db::getNext [de::getContexts -window 2]]
[16:52:33.51] /# gi::executeAction {deSelectActive} -in [gi::getWindows 2]
[16:52:33.51] /i de::deselectAll [db::getNext [de::getContexts -window 2]]
[16:52:33.51] /i de::deselectAllLogic -context [de::getContexts -filter {%editDesign==[db::getAttr editDesign -of [db::getNext [de::getContexts -window 2]]]}]
[16:52:46.67] /i gi::executeAction {deCanvasDragSelect} -in [gi::getWindows 2]
[16:52:46.67] /r deCanvasDragStart 5.70625 2.2875
[16:52:48.99] /# gi::executeAction {deCanvasDragEnd} -in [gi::getWindows 2]
[16:52:48.99] /i gi::executeAction deCanvasDragEnd -in [gi::getWindows 2]
[16:52:48.99] /r deCanvasDragEnd 5.7625 2.1125
[16:52:58.19] /i db::setAttr shown -of [gi::getAssistants deMarkerBrowser -from [gi::getWindows 2]] -value false
[16:53:09.50] /# gi::executeAction {deDeselectActive} -in [gi::getWindows 2]
[16:53:09.50] /i de::deselect [de::getActiveFigure [gi::getWindows 2] -point {5.0875 0.225} -index 0 -intent deselect]
[16:53:09.50] /o oa:0x45c93ad0
[16:53:09.71] /# gi::executeAction {seCopyClipboard} -in [gi::getWindows 2]
[16:53:09.72] /i ise::copyToClipboard [db::getNext [de::getContexts -window 2]] -log explicit
[16:53:09.95] /# gi::executeAction {sePaste} -in [gi::getWindows 2]
[16:53:09.95] /i ise::paste
[16:53:10.00] /i gi::executeAction deObjectActivation -in [gi::getWindows 2]
[16:53:10.22] /i gi::executeAction deObjectActivation -in [gi::getWindows 2]
[16:53:10.95] /i gi::executeAction deObjectActivation -in [gi::getWindows 2]
[16:53:11.51] /i gi::executeAction deObjectActivation -in [gi::getWindows 2]
[16:53:12.12] /# gi::executeAction {deUndo} -in [gi::getWindows 2]
[16:53:12.12] /i de::undoTransaction -design [db::getAttr editDesign -of [db::getNext [de::getContexts -window 2]]]
[16:53:12.55] /# gi::executeAction {deAbortCommand} -in [gi::getWindows 2]
[16:53:12.55] /i de::abortCommand -context [db::getNext [de::getContexts -window 2]]
[16:53:13.77] /# gi::executeAction {deSelectActive} -in [gi::getWindows 2]
[16:53:13.77] /i de::deselectAll [db::getNext [de::getContexts -window 2]]
[16:53:13.77] /i de::select [de::getActiveFigure [gi::getWindows 2] -point {5.0875 0.2125} -index 0 -intent none]
[16:53:13.77] /o oa:0x44b77c60
[16:53:14.58] /# gi::executeAction {seCopyClipboard} -in [gi::getWindows 2]
[16:53:14.58] /i ise::copyToClipboard [db::getNext [de::getContexts -window 2]] -log explicit
[16:53:14.59] /i de::copy [de::getSelected -design [ed]] -anchor {5.0625 0.1875} -selectResult true 
[16:53:14.60] /i gi::executeAction deObjectActivation -in [gi::getWindows 2]
[16:53:15.05] /i gi::executeAction deObjectActivation -in [gi::getWindows 2]
[16:53:17.35] /# gi::executeAction {deAddPoint} -in [gi::getWindows 2]
[16:53:17.40] /i de::copy [de::getSelected -design [ed]] -anchor {5.0625 0.1875} -selectResult true 
[16:53:17.61] /# gi::executeAction {seCopyClipboard} -in [gi::getWindows 2]
[16:53:17.61] /i ise::copyToClipboard [db::getNext [de::getContexts -window 2]] -log explicit
[16:53:17.85] /# gi::executeAction {sePaste} -in [gi::getWindows 2]
[16:53:17.85] /i ise::paste
[16:53:17.89] /i gi::executeAction deObjectActivation -in [gi::getWindows 2]
[16:53:18.09] /i gi::executeAction deObjectActivation -in [gi::getWindows 2]
[16:53:19.06] /# gi::executeAction {deStartDrag} -in [gi::getWindows 2]
[16:53:19.06] /i de::startDrag {5.05625 0.19375} -context [db::getNext [de::getContexts -window 2]]
[16:53:19.10] /# gi::executeAction {deEndDrag} -in [gi::getWindows 2]
[16:53:19.10] /i de::endDrag {5.05625 0.19375} -context [db::getNext [de::getContexts -window 2]]
[16:53:20.33] /# gi::executeAction {deUndo} -in [gi::getWindows 2]
[16:53:20.33] /i de::undoTransaction -design [db::getAttr editDesign -of [db::getNext [de::getContexts -window 2]]]
[16:53:41.37] /# gi::executeAction {deRedo} -in [gi::getWindows 2]
[16:53:41.37] /i de::redoTransaction -design [db::getAttr editDesign -of [db::getNext [de::getContexts -window 2]]]
[16:53:45.18] /# gi::executeAction {deAddPoint} -in [gi::getWindows 2]
[16:53:45.18] /i de::addPoint {3.31875 0.38125} -context [db::getNext [de::getContexts -window 2]]
[16:53:46.60] /i gi::executeAction deObjectActivation -in [gi::getWindows 2]
[16:53:46.74] /i gi::executeAction deObjectActivation -in [gi::getWindows 2]
[16:53:46.78] /i gi::executeAction deObjectActivation -in [gi::getWindows 2]
[16:53:47.24] /# gi::executeAction {sePaste} -in [gi::getWindows 2]
[16:53:47.24] /i ise::paste
[16:53:47.47] /i gi::executeAction deObjectActivation -in [gi::getWindows 2]
[16:53:49.68] /# gi::executeAction {deAddPoint} -in [gi::getWindows 2]
[16:53:49.68] /i de::addPoint {2.25 0.36875} -context [db::getNext [de::getContexts -window 2]]
[16:53:51.08] /# gi::executeAction {deAbortCommand} -in [gi::getWindows 2]
[16:53:51.08] /i de::abortCommand -context [db::getNext [de::getContexts -window 2]]
[16:53:52.29] /# gi::executeAction {seSchCreateWire} -in [gi::getWindows 2]
[16:53:52.29] /i ise::createWire
[16:53:54.31] /# gi::executeAction {deStartDrag} -in [gi::getWindows 2]
[16:53:54.31] /i de::startDrag {5.1875 1.44375} -context [db::getNext [de::getContexts -window 2]]
[16:53:54.33] /i de::setCursor -point {5.25 1.4375 }
[16:53:55.44] /# gi::executeAction {deEndDrag} -in [gi::getWindows 2]
[16:53:55.44] /i de::endDrag {5.6875 0.95625} -context [db::getNext [de::getContexts -window 2]]
[16:53:55.79] /# gi::executeAction {deAddPoint} -in [gi::getWindows 2]
[16:53:55.79] /i de::addPoint {5.6875 0.95625} -context [db::getNext [de::getContexts -window 2]]
[16:53:57.03] /i de::setCursor -point {5.6875 0.875 }
[16:54:26.63] /i de::setCursor -point {5.75 1 }
[16:54:26.66] /i de::setCursor -point {5.5 1.4375 }
[16:54:29.48] /# gi::executeAction {deAddPoint} -in [gi::getWindows 2]
[16:54:29.48] /i de::addPoint {5.40625 2} -context [db::getNext [de::getContexts -window 2]]
[16:54:30.34] /# gi::executeAction {deUndo} -in [gi::getWindows 2]
[16:54:30.34] /i de::undoTransaction -design [db::getAttr editDesign -of [db::getNext [de::getContexts -window 2]]]
[16:54:31.71] /# gi::executeAction {deAbortCommand} -in [gi::getWindows 2]
[16:54:31.71] /i de::abortCommand -context [db::getNext [de::getContexts -window 2]]
[16:54:35.11] /i gi::executeAction {deCanvasDragSelect} -in [gi::getWindows 2]
[16:54:35.11] /r deCanvasDragStart 5.3625 2.0625
[16:54:35.50] /# gi::executeAction {deCanvasDragEnd} -in [gi::getWindows 2]
[16:54:35.50] /i gi::executeAction deCanvasDragEnd -in [gi::getWindows 2]
[16:54:35.50] /r deCanvasDragEnd 5.43125 1.88125
[16:54:35.87] /# gi::executeAction {deSelectActive} -in [gi::getWindows 2]
[16:54:35.87] /i de::deselectAll [db::getNext [de::getContexts -window 2]]
[16:54:35.87] /i de::select [de::getActiveFigure [gi::getWindows 2] -point {5.43125 1.88125} -index 0 -intent none]
[16:54:35.87] /o oa:0x4633fc60
[16:54:36.95] /# gi::executeAction {seDelete} -in [gi::getWindows 2]
[16:54:36.95] /i ise::delete
[16:54:38.91] /# gi::executeAction {seSchCreateWire} -in [gi::getWindows 2]
[16:54:38.91] /i ise::createWire
[16:54:41.06] /# gi::executeAction {deStartDrag} -in [gi::getWindows 2]
[16:54:41.06] /i de::startDrag {5.45 1.4875} -context [db::getNext [de::getContexts -window 2]]
[16:54:41.06] /i de::setCursor -point {5.3125 1.5 }
[16:54:41.85] /# gi::executeAction {deEndDrag} -in [gi::getWindows 2]
[16:54:41.85] /i de::endDrag {5.19375 1.4375} -context [db::getNext [de::getContexts -window 2]]
[16:54:42.16] /# gi::executeAction {deAddPoint} -in [gi::getWindows 2]
[16:54:42.16] /i de::addPoint {5.19375 1.4375} -context [db::getNext [de::getContexts -window 2]]
[16:54:43.41] /# gi::executeAction {deAbortCommand} -in [gi::getWindows 2]
[16:54:43.41] /i de::abortCommand -context [db::getNext [de::getContexts -window 2]]
[16:54:48.02] /# gi::executeAction {deSaveDesignAs} -in [gi::getWindows 2]
[16:54:48.02] /i de::showSaveDesignAs -context [db::getNext [de::getContexts -window 2]]
[16:54:48.12] /r giDialog gi::setActiveDialog [gi::getDialogs {deSaveDesignAs} -parent [gi::getWindows 2]]
[16:54:48.40] /r giDialog db::setAttr geometry -of [gi::getDialogs {deSaveDesignAs} -parent [gi::getWindows 2]] -value 411x128+755+508
[16:54:50.82] /r giDialog gi::pressButton {ok} -in [gi::getDialogs {deSaveDesignAs} -parent [gi::getWindows 2]]
[16:54:50.82] /m Information: Saving design 'FlipFlopt3_library test_ff1b_mixta schematic'. (DESIGN_WINDOW-004)
[17:10:43.35] /# gi::executeAction {deSelectActive} -in [gi::getWindows 2]
[17:10:43.35] /i de::deselectAllLogic -context [de::getContexts -filter {%editDesign==[db::getAttr editDesign -of [db::getNext [de::getContexts -window 2]]]}]
[17:10:58.94] /# gi::executeAction {seSchCheckAndSave} -in [gi::getWindows 2]
[17:10:58.94] /i ise::check
[17:10:58.97] /m Information: 
[17:10:58.97] /o Checking "FlipFlopt3_library/test_ff1b_mixta/schematic"
[17:10:58.99] /o No rule violations found in "FlipFlopt3_library/test_ff1b_mixta/schematic"
[17:10:58.99] /m Information: Checking process is completed: marking the design violations
[17:10:59.03] /m Information: Marking of designs is completed
[17:11:04.61] /# gi::executeAction {seSchCheckAndSave} -in [gi::getWindows 2]
[17:11:04.61] /i ise::check
[17:11:04.62] /m Information: 
[17:11:04.62] /o Checking "FlipFlopt3_library/test_ff1b_mixta/schematic"
[17:11:04.64] /o No rule violations found in "FlipFlopt3_library/test_ff1b_mixta/schematic"
[17:11:04.64] /m Information: Checking process is completed: marking the design violations
[17:11:04.64] /m Information: Marking of designs is completed
[17:11:16.77] /# gi::executeAction {deSelectActive} -in [gi::getWindows 2]
[17:11:16.77] /i de::deselectAll [db::getNext [de::getContexts -window 2]]
[17:11:16.77] /i de::select [de::getActiveFigure [gi::getWindows 2] -point {3.31875 0.34375} -index 0 -intent none]
[17:11:16.78] /o oa:0x46162050
[17:11:17.62] /# gi::executeAction {seCopyClipboard} -in [gi::getWindows 2]
[17:11:17.62] /i ise::copyToClipboard [db::getNext [de::getContexts -window 2]] -log explicit
[17:11:17.64] /i de::copy [de::getSelected -design [ed]] -anchor {3.3125 0.375} -selectResult true 
[17:11:17.65] /i gi::executeAction deObjectActivation -in [gi::getWindows 2]
[17:11:18.13] /# gi::executeAction {sePaste} -in [gi::getWindows 2]
[17:11:18.13] /i ise::paste
[17:11:18.34] /i gi::executeAction deObjectActivation -in [gi::getWindows 2]
[17:11:19.50] /# gi::executeAction {deAddPoint} -in [gi::getWindows 2]
[17:11:19.50] /i de::addPoint {3.85 0.39375} -context [db::getNext [de::getContexts -window 2]]
[17:11:20.27] /# gi::executeAction {deAbortCommand} -in [gi::getWindows 2]
[17:11:20.27] /i de::abortCommand -context [db::getNext [de::getContexts -window 2]]
[17:11:22.49] /# gi::executeAction {seSchCheckAndSave} -in [gi::getWindows 2]
[17:11:22.49] /i ise::check
[17:11:22.50] /m Information: 
[17:11:22.50] /o Checking "FlipFlopt3_library/test_ff1b_mixta/schematic"
[17:11:22.51] /o No rule violations found in "FlipFlopt3_library/test_ff1b_mixta/schematic"
[17:11:22.51] /m Information: Checking process is completed: marking the design violations
[17:11:22.54] /m Information: Marking of designs is completed
[17:11:46.79] /# gi::executeAction {deSelectActive} -in [gi::getWindows 2]
[17:11:46.79] /i de::deselectAll [db::getNext [de::getContexts -window 2]]
[17:11:46.80] /i de::deselectAllLogic -context [de::getContexts -filter {%editDesign==[db::getAttr editDesign -of [db::getNext [de::getContexts -window 2]]]}]
[17:11:52.54] /i gi::executeAction {deSaveDesign} -in [gi::getWindows 2]
[17:11:52.54] /m Information: Saving design 'FlipFlopt3_library test_ff1b_mixta schematic'. (DESIGN_WINDOW-004)
[17:11:57.61] /# gi::executeAction {seSchCheckAndSave} -in [gi::getWindows 2]
[17:11:57.61] /i ise::check
[17:11:57.62] /m Information: 
[17:11:57.62] /o Checking "FlipFlopt3_library/test_ff1b_mixta/schematic"
[17:11:57.63] /o No rule violations found in "FlipFlopt3_library/test_ff1b_mixta/schematic"
[17:11:57.63] /m Information: Checking process is completed: marking the design violations
[17:11:57.64] /m Information: Marking of designs is completed
[17:12:02.34] /# gi::executeAction {deCanvasZoomOutAtPoint} -in [gi::getWindows 2]
[17:12:02.34] /i de::zoom -window [gi::getWindows 2] -factor [expr {1.0/[db::getPrefValue deCanvasMouseZoomFactor]}] -center {3.6125 1.8375}
[17:12:02.38] /# gi::executeAction {deCanvasZoomOutAtPoint} -in [gi::getWindows 2]
[17:12:02.38] /i de::zoom -window [gi::getWindows 2] -factor [expr {1.0/[db::getPrefValue deCanvasMouseZoomFactor]}] -center {3.6125 1.8375}
[17:12:02.43] /# gi::executeAction {deCanvasZoomOutAtPoint} -in [gi::getWindows 2]
[17:12:02.43] /i de::zoom -window [gi::getWindows 2] -factor [expr {1.0/[db::getPrefValue deCanvasMouseZoomFactor]}] -center {3.6125 1.8375}
[17:12:02.61] /# gi::executeAction {deCanvasZoomOutAtPoint} -in [gi::getWindows 2]
[17:12:02.61] /i de::zoom -window [gi::getWindows 2] -factor [expr {1.0/[db::getPrefValue deCanvasMouseZoomFactor]}] -center {3.6125 1.84375}
[17:12:02.66] /# gi::executeAction {deCanvasZoomOutAtPoint} -in [gi::getWindows 2]
[17:12:02.66] /i de::zoom -window [gi::getWindows 2] -factor [expr {1.0/[db::getPrefValue deCanvasMouseZoomFactor]}] -center {3.6125 1.8375}
[17:12:02.68] /# gi::executeAction {deCanvasZoomOutAtPoint} -in [gi::getWindows 2]
[17:12:02.68] /i de::zoom -window [gi::getWindows 2] -factor [expr {1.0/[db::getPrefValue deCanvasMouseZoomFactor]}] -center {3.6125 1.8375}
[17:12:02.71] /# gi::executeAction {deCanvasZoomOutAtPoint} -in [gi::getWindows 2]
[17:12:02.71] /i de::zoom -window [gi::getWindows 2] -factor [expr {1.0/[db::getPrefValue deCanvasMouseZoomFactor]}] -center {3.6125 1.8375}
[17:12:03.00] /# gi::executeAction {deCanvasZoomInAtPoint} -in [gi::getWindows 2]
[17:12:03.00] /i de::zoom -window [gi::getWindows 2] -factor [db::getPrefValue deCanvasMouseZoomFactor] -center {3.6125 1.8375}
[17:12:03.06] /# gi::executeAction {deCanvasZoomInAtPoint} -in [gi::getWindows 2]
[17:12:03.06] /i de::zoom -window [gi::getWindows 2] -factor [db::getPrefValue deCanvasMouseZoomFactor] -center {3.6125 1.8375}
[17:12:03.14] /# gi::executeAction {deCanvasZoomInAtPoint} -in [gi::getWindows 2]
[17:12:03.14] /i de::zoom -window [gi::getWindows 2] -factor [db::getPrefValue deCanvasMouseZoomFactor] -center {3.6125 1.8375}
[17:12:03.41] /# gi::executeAction {deCanvasZoomInAtPoint} -in [gi::getWindows 2]
[17:12:03.41] /i de::zoom -window [gi::getWindows 2] -factor [db::getPrefValue deCanvasMouseZoomFactor] -center {3.6125 1.8375}
[17:12:03.64] /# gi::executeAction {deCanvasZoomInAtPoint} -in [gi::getWindows 2]
[17:12:03.64] /i de::zoom -window [gi::getWindows 2] -factor [db::getPrefValue deCanvasMouseZoomFactor] -center {3.6125 1.8375}
[17:12:03.86] /# gi::executeAction {deCanvasZoomInAtPoint} -in [gi::getWindows 2]
[17:12:03.86] /i de::zoom -window [gi::getWindows 2] -factor [db::getPrefValue deCanvasMouseZoomFactor] -center {3.6125 1.8375}
[17:12:04.18] /# gi::executeAction {deCanvasZoomInAtPoint} -in [gi::getWindows 2]
[17:12:04.18] /i de::zoom -window [gi::getWindows 2] -factor [db::getPrefValue deCanvasMouseZoomFactor] -center {3.6125 1.8375}
[17:12:53.96] /# gi::executeAction {seSchCheckAndSave} -in [gi::getWindows 2]
[17:12:53.96] /i ise::check
[17:12:53.97] /m Information: 
[17:12:53.97] /o Checking "FlipFlopt3_library/test_ff1b_mixta/schematic"
[17:12:53.98] /o No rule violations found in "FlipFlopt3_library/test_ff1b_mixta/schematic"
[17:12:53.98] /m Information: Checking process is completed: marking the design violations
[17:12:53.98] /m Information: Marking of designs is completed
[17:12:56.76] /# gi::executeAction {deSelectActive} -in [gi::getWindows 2]
[17:12:56.76] /i de::deselectAll [db::getNext [de::getContexts -window 2]]
[17:12:56.76] /i de::select [de::getActiveFigure [gi::getWindows 2] -point {4.1 1.3375} -index 0 -intent none]
[17:12:56.76] /o oa:0x43028d80
[17:12:56.99] /i ::se::internal::descendInst 2 [de::getActiveFigure [gi::getWindows 2] -point {4.1 1.3375} -index 0 -intent none] auto
[17:12:56.99] /# ide::descend 2 -inPlace false -readOnly auto
[17:12:57.01] /# Navigating to FlipFlopt3_library/DFFHDLLX0/cmos_sch (nMOS)
[17:12:57.01] /r giWindowGeometry 1430x756+411+194
[17:12:59.63] /# gi::executeAction {deAddPoint} -in [gi::getWindows 2]
[17:12:59.68] /i de::copy [de::getSelected -design [ed]] -anchor {6.8125 2.4375} -selectResult true 
[17:13:00.63] /# gi::executeAction {deAddPoint} -in [gi::getWindows 2]
[17:13:00.66] /i de::copy [de::getSelected -design [ed]] -anchor {6.3125 2.625} -selectResult true 
[17:13:01.01] /# gi::executeAction {deAbortCommand} -in [gi::getWindows 2]
[17:13:01.65] /i gi::executeAction {deCanvasDragCancel} -in [gi::getWindows 2]
[17:13:02.10] /i gi::executeAction {deCanvasDragCancel} -in [gi::getWindows 2]
[17:13:04.84] /# gi::executeAction {seSchCheckAndSave} -in [gi::getWindows 2]
[17:13:04.84] /i ise::check
[17:13:04.87] /m Information: 
              /c Cross view checking for FlipFlopt3_library/DFFHDLLX0/symbol with FlipFlopt3_library/DFFHDLLX0/cmos_sch
              /c 	[error] "portOrder" Property Mismatch between FlipFlopt3_library/DFFHDLLX0/cmos_sch and FlipFlopt3_library/DFFHDLLX0/symbol
              /c 		"portOrder" property mismatch found: '' != '("CN" "D" "Q" "QN")'. (DE_EDIT-007)
[17:13:04.87] /m Information: 
[17:13:04.87] /o Checking "FlipFlopt3_library/DFFHDLLX0/cmos_sch"
[17:13:04.88] /o 1 Error(s),0 Warning(s),0 Message(s) found   in "FlipFlopt3_library/DFFHDLLX0/cmos_sch"
[17:13:04.88] /m Information: Checking process is completed: marking the design violations
[17:13:04.89] /m Information: Marking of designs is completed
[17:13:04.89] /i db::setAttr shown -of [ gi::getAssistants deMarkerBrowser -from [ gi::getWindows 2 ]] -value true
[17:13:04.98] /r giDialog gi::setActiveDialog [gi::getDialogs {seSchCheckSaveDesign} -parent [gi::getWindows 2]]
[17:13:05.30] /r giDialog db::setAttr geometry -of [gi::getDialogs {seSchCheckSaveDesign} -parent [gi::getWindows 2]] -value 252x82+834+531
[17:13:09.33] /r giDialog gi::pressButton {save} -in [gi::getDialogs {seSchCheckSaveDesign} -parent [gi::getWindows 2]]
[17:13:10.90] /i gi::expand {MarkerTreeWidget} -index {0,0} -in [gi::getAssistants deMarkerBrowser -from [gi::getWindows 2]]
[17:13:12.05] /i gi::setCurrentIndex {MarkerTreeWidget} -index {0.0,0} -in [gi::getAssistants deMarkerBrowser -from [gi::getWindows 2]]
[17:13:12.05] /i gi::setItemSelection {MarkerTreeWidget} -index {all} -in [gi::getAssistants deMarkerBrowser -from [gi::getWindows 2]]
[17:13:12.19] /i gi::executeAction deMarkerBrowserDoubleClick -in [gi::getWindows 2]
[17:13:12.19] /i gi::expand {MarkerTreeWidget} -index {0.0,0} -in [gi::getAssistants deMarkerBrowser -from [gi::getWindows 2]]
[17:13:14.12] /i gi::setCurrentIndex {MarkerTreeWidget} -index {0,0} -in [gi::getAssistants deMarkerBrowser -from [gi::getWindows 2]]
[17:13:15.96] /# gi::executeAction {deSelectActive} -in [gi::getWindows 2]
[17:13:15.97] /i de::deselectAll [db::getNext [de::getContexts -window 2]]
[17:13:15.97] /i de::deselectAllLogic -context [de::getContexts -filter {%editDesign==[db::getAttr editDesign -of [db::getNext [de::getContexts -window 2]]]}]
[17:13:15.99] /# gi::executeAction {deFitEdit} -in [gi::getWindows 2]
[17:13:15.99] /i de::fit -window 2 -fitEdit true
[17:13:19.48] /# gi::executeAction {deReturn} -in [gi::getWindows 2]
[17:13:19.48] /i de::return [db::getNext [de::getContexts -window 2]] -errorOnFail false
[17:13:19.49] /# Navigating to FlipFlopt3_library/test_ff1b_mixta/schematic
[17:13:19.49] /r giWindowGeometry 1430x756+411+194
[17:13:19.51] /i gi::setItemSelection {MarkerTreeWidget} -index {} -in [gi::getAssistants deMarkerBrowser -from [gi::getWindows 2]]
[17:13:19.51] /i gi::setCurrentIndex {MarkerTreeWidget} -index {} -in [gi::getAssistants deMarkerBrowser -from [gi::getWindows 2]]
[17:13:22.76] /# gi::executeAction {deSelectActive} -in [gi::getWindows 2]
[17:13:22.76] /i de::deselectAll [db::getNext [de::getContexts -window 2]]
[17:13:22.76] /i de::deselectAllLogic -context [de::getContexts -filter {%editDesign==[db::getAttr editDesign -of [db::getNext [de::getContexts -window 2]]]}]
[17:13:25.09] /i gi::sortItems {MarkerTreeWidget} -column {Design} -order {ascending} -in [gi::getAssistants deMarkerBrowser -from [gi::getWindows 2]]
[17:13:29.76] /# gi::executeAction {deSelectActive} -in [gi::getWindows 2]
[17:13:29.76] /i de::deselectAll [db::getNext [de::getContexts -window 2]]
[17:13:29.76] /i de::select [de::getActiveFigure [gi::getWindows 2] -point {4.1125 1.33125} -index 0 -intent none]
[17:13:29.76] /o oa:0x44ede650
[17:13:29.96] /i ::se::internal::descendInst 2 [de::getActiveFigure [gi::getWindows 2] -point {4.1125 1.33125} -index 0 -intent none] auto
[17:13:29.97] /# ide::descend 2 -inPlace false -readOnly auto
[17:13:29.99] /# Navigating to FlipFlopt3_library/DFFHDLLX0/cmos_sch (nMOS)
[17:13:29.99] /r giWindowGeometry 1430x756+411+194
[17:13:32.91] /i gi::expand {MarkerTreeWidget} -index {0,0} -in [gi::getAssistants deMarkerBrowser -from [gi::getWindows 2]]
[17:13:34.50] /i gi::setCurrentIndex {MarkerTreeWidget} -index {0.0,1} -in [gi::getAssistants deMarkerBrowser -from [gi::getWindows 2]]
[17:13:34.50] /i gi::setItemSelection {MarkerTreeWidget} -index {all} -in [gi::getAssistants deMarkerBrowser -from [gi::getWindows 2]]
[17:13:36.64] /i gi::expand {MarkerTreeWidget} -index {0.0,0} -in [gi::getAssistants deMarkerBrowser -from [gi::getWindows 2]]
[17:13:37.82] /i gi::setCurrentIndex {MarkerTreeWidget} -index {0.0.0,0} -in [gi::getAssistants deMarkerBrowser -from [gi::getWindows 2]]
[17:13:37.99] /i gi::setItemSelection {MarkerTreeWidget} -index {0.0.0,all} -in [gi::getAssistants deMarkerBrowser -from [gi::getWindows 2]]
[17:13:38.00] /i gi::executeAction deMarkerBrowserDoubleClick -in [gi::getWindows 2]
[17:13:50.93] /# gi::executeAction {deSelectActive} -in [gi::getWindows 2]
[17:13:50.93] /i de::deselectAllLogic -context [de::getContexts -filter {%editDesign==[db::getAttr editDesign -of [db::getNext [de::getContexts -window 2]]]}]
[17:13:51.96] /# gi::executeAction {deReturn} -in [gi::getWindows 2]
[17:13:51.96] /i de::return [db::getNext [de::getContexts -window 2]] -errorOnFail false
[17:13:51.97] /# Navigating to FlipFlopt3_library/test_ff1b_mixta/schematic
[17:13:51.97] /r giWindowGeometry 1430x756+411+194
[17:13:51.98] /i gi::setItemSelection {MarkerTreeWidget} -index {} -in [gi::getAssistants deMarkerBrowser -from [gi::getWindows 2]]
[17:13:51.98] /i gi::setCurrentIndex {MarkerTreeWidget} -index {} -in [gi::getAssistants deMarkerBrowser -from [gi::getWindows 2]]
[17:13:54.54] /# gi::executeAction {seSchCheckAndSave} -in [gi::getWindows 2]
[17:13:54.54] /i ise::check
[17:13:54.56] /m Information: 
[17:13:54.56] /o Checking "FlipFlopt3_library/test_ff1b_mixta/schematic"
[17:13:54.57] /o No rule violations found in "FlipFlopt3_library/test_ff1b_mixta/schematic"
[17:13:54.57] /m Information: Checking process is completed: marking the design violations
[17:13:54.57] /m Information: Marking of designs is completed
[17:13:54.57] /i db::setAttr shown -of [ gi::getAssistants deMarkerBrowser -from [ gi::getWindows 2 ]] -value false
[17:13:55.79] /# gi::executeAction {seSchCheckAndSave} -in [gi::getWindows 2]
[17:13:55.79] /i ise::check
[17:13:55.81] /m Information: 
[17:13:55.81] /o Checking "FlipFlopt3_library/test_ff1b_mixta/schematic"
[17:13:55.82] /o No rule violations found in "FlipFlopt3_library/test_ff1b_mixta/schematic"
[17:13:55.82] /m Information: Checking process is completed: marking the design violations
[17:13:55.82] /m Information: Marking of designs is completed
[17:13:58.27] /# gi::executeAction {deSelectActive} -in [gi::getWindows 2]
[17:13:58.27] /i de::deselectAll [db::getNext [de::getContexts -window 2]]
[17:13:58.27] /i de::select [de::getActiveFigure [gi::getWindows 2] -point {3.85625 0.4} -index 0 -intent none]
[17:13:58.27] /o oa:0x44cb65c0
[17:13:59.20] /# gi::executeAction {seDelete} -in [gi::getWindows 2]
[17:13:59.20] /i ise::delete
[17:14:51.25] /# gi::executeAction {deSelectActive} -in [gi::getWindows 2]
[17:14:51.25] /i de::deselectAllLogic -context [de::getContexts -filter {%editDesign==[db::getAttr editDesign -of [db::getNext [de::getContexts -window 2]]]}]
[18:58:58.80] /i gi::setActiveWindow 0
[18:58:58.80] /i gi::setActiveWindow 0 -raise true
[18:59:01.37] /i db::setAttr geometry -of [gi::getFrames 0] -value 600x300+869+391
[18:59:03.55] /# gi::executeAction {deOpenDesign} -in [gi::getWindows 0]
[18:59:03.55] /i de::showOpenDesign
[18:59:03.59] /i gi::setActiveDialog [gi::getDialogs {deOpenDesign}]
[18:59:03.83] /i db::setAttr geometry -of [gi::getDialogs {deOpenDesign}] -value 796x491+628+268
[18:59:08.96] /i gi::closeWindows [gi::getDialogs {deOpenDesign}]
[18:59:13.99] /i gi::setActiveWindow 2
[18:59:13.99] /i gi::setActiveWindow 2 -raise true
[18:59:14.19] /# gi::executeAction {deSelectActive} -in [gi::getWindows 2]
[18:59:14.19] /i de::deselectAllLogic -context [de::getContexts -filter {%editDesign==[db::getAttr editDesign -of [db::getNext [de::getContexts -window 2]]]}]
[18:59:15.72] /# gi::executeAction {seCreateInst} -in [gi::getWindows 2]
[18:59:15.72] /i ise::createInst
[18:59:15.91] /i gi::setField {parametersExpand} -value {false} -in [gi::getDialogs {seCreateInst} -parent [gi::getWindows 2]]
[18:59:15.92] /i gi::setField {parametersExpand} -value {true} -in [gi::getDialogs {seCreateInst} -parent [gi::getWindows 2]]
[18:59:15.97] /i gi::setActiveDialog [gi::getDialogs {seCreateInst} -parent [gi::getWindows 2]]
[18:59:16.21] /i db::setAttr geometry -of [gi::getDialogs {seCreateInst} -parent [gi::getWindows 2]] -value 516x723+613+289
[18:59:22.29] /i gi::setField {parametersExpand} -value {false} -in [gi::getDialogs {seCreateInst} -parent [gi::getWindows 2]]
[18:59:22.29] /i gi::setField {parametersExpand} -value {true} -in [gi::getDialogs {seCreateInst} -parent [gi::getWindows 2]]
[18:59:22.29] /i gi::setField {instMasterLib} -value {D_CELLS_HDLL} -in [gi::getDialogs {seCreateInst} -parent [gi::getWindows 2]]
[18:59:22.60] /i db::setAttr geometry -of [gi::getDialogs {seCreateInst} -parent [gi::getWindows 2]] -value 516x513+613+289
[18:59:34.14] /i gi::setField {parametersExpand} -value {false} -in [gi::getDialogs {seCreateInst} -parent [gi::getWindows 2]]
[18:59:34.14] /i gi::setField {parametersExpand} -value {true} -in [gi::getDialogs {seCreateInst} -parent [gi::getWindows 2]]
[18:59:34.14] /i gi::setField {instMasterCell} -value {DFFHDLLX0} -in [gi::getDialogs {seCreateInst} -parent [gi::getWindows 2]]
[18:59:34.42] /i db::setAttr geometry -of [gi::getDialogs {seCreateInst} -parent [gi::getWindows 2]] -value 516x461+613+289
[18:59:41.99] /i db::setAttr geometry -of [gi::getDialogs {seCreateInst} -parent [gi::getWindows 2]] -value 516x461+612+447
[19:00:34.55] /i de::abortCommand
[21:35:59.12] /# gi::executeAction {deSelectActive} -in [gi::getWindows 2]
[21:35:59.12] /i de::deselectAllLogic -context [de::getContexts -filter {%editDesign==[db::getAttr editDesign -of [db::getNext [de::getContexts -window 2]]]}]
[21:36:08.49] /i gi::executeAction giCloseWindow -in [gi::getWindows 2]
[21:36:08.56] /r giDialog gi::setActiveDialog [gi::getDialogs {deCloseDesign} -parent [gi::getWindows 2]]
[21:36:08.87] /r giDialog db::setAttr geometry -of [gi::getDialogs {deCloseDesign} -parent [gi::getWindows 2]] -value 541x82+690+531
[21:36:10.78] /r giDialog gi::pressButton {save} -in [gi::getDialogs {deCloseDesign} -parent [gi::getWindows 2]]
[21:36:10.78] /m Information: Saving design 'FlipFlopt3_library test_ff1b_mixta schematic'. (DESIGN_WINDOW-004)
[21:36:12.46] /i gi::setActiveWindow 3
[21:36:12.46] /i gi::setActiveWindow 3 -raise true
[21:36:15.19] /i gi::executeAction giCloseWindow -in [gi::getWindows 3]
